
*** Running vivado
    with args -log design_1_Zevenseg_0_1.vds -m64 -product Vivado -mode batch -messageDb vivado.pb -notrace -source design_1_Zevenseg_0_1.tcl


****** Vivado v2016.4 (64-bit)
  **** SW Build 1756540 on Mon Jan 23 19:11:23 MST 2017
  **** IP Build 1755317 on Mon Jan 23 20:30:07 MST 2017
    ** Copyright 1986-2016 Xilinx, Inc. All Rights Reserved.

source design_1_Zevenseg_0_1.tcl -notrace
Command: synth_design -top design_1_Zevenseg_0_1 -part xc7z010clg400-1 -mode out_of_context
Starting synth_design
Attempting to get a license for feature 'Synthesis' and/or device 'xc7z010'
INFO: [Common 17-349] Got license for feature 'Synthesis' and/or device 'xc7z010'
INFO: Launching helper process for spawning children vivado processes
INFO: Helper process launched with PID 15004 
---------------------------------------------------------------------------------
Starting RTL Elaboration : Time (s): cpu = 00:00:06 ; elapsed = 00:00:09 . Memory (MB): peak = 290.988 ; gain = 81.652
---------------------------------------------------------------------------------
INFO: [Synth 8-638] synthesizing module 'design_1_Zevenseg_0_1' [c:/Users/11401393/Desktop/bachelorproef/VivadoHLS/Demo/ZevensegBD/ZevensegBD.srcs/sources_1/bd/design_1/ip/design_1_Zevenseg_0_1/synth/design_1_Zevenseg_0_1.vhd:72]
INFO: [Synth 8-3491] module 'Zevenseg' declared at 'c:/Users/11401393/Desktop/bachelorproef/VivadoHLS/Demo/ZevensegBD/ZevensegBD.srcs/sources_1/bd/design_1/ipshared/fff3/hdl/vhdl/Zevenseg.vhd:12' bound to instance 'U0' of component 'Zevenseg' [c:/Users/11401393/Desktop/bachelorproef/VivadoHLS/Demo/ZevensegBD/ZevensegBD.srcs/sources_1/bd/design_1/ip/design_1_Zevenseg_0_1/synth/design_1_Zevenseg_0_1.vhd:107]
INFO: [Synth 8-638] synthesizing module 'Zevenseg' [c:/Users/11401393/Desktop/bachelorproef/VivadoHLS/Demo/ZevensegBD/ZevensegBD.srcs/sources_1/bd/design_1/ipshared/fff3/hdl/vhdl/Zevenseg.vhd:28]
INFO: [Synth 8-5534] Detected attribute (* fsm_encoding = "none" *) [c:/Users/11401393/Desktop/bachelorproef/VivadoHLS/Demo/ZevensegBD/ZevensegBD.srcs/sources_1/bd/design_1/ipshared/fff3/hdl/vhdl/Zevenseg.vhd:80]
INFO: [Synth 8-5534] Detected attribute (* fsm_encoding = "none" *) [c:/Users/11401393/Desktop/bachelorproef/VivadoHLS/Demo/ZevensegBD/ZevensegBD.srcs/sources_1/bd/design_1/ipshared/fff3/hdl/vhdl/Zevenseg.vhd:83]
INFO: [Synth 8-5534] Detected attribute (* fsm_encoding = "none" *) [c:/Users/11401393/Desktop/bachelorproef/VivadoHLS/Demo/ZevensegBD/ZevensegBD.srcs/sources_1/bd/design_1/ipshared/fff3/hdl/vhdl/Zevenseg.vhd:92]
INFO: [Synth 8-5534] Detected attribute (* fsm_encoding = "none" *) [c:/Users/11401393/Desktop/bachelorproef/VivadoHLS/Demo/ZevensegBD/ZevensegBD.srcs/sources_1/bd/design_1/ipshared/fff3/hdl/vhdl/Zevenseg.vhd:108]
INFO: [Synth 8-5534] Detected attribute (* fsm_encoding = "none" *) [c:/Users/11401393/Desktop/bachelorproef/VivadoHLS/Demo/ZevensegBD/ZevensegBD.srcs/sources_1/bd/design_1/ipshared/fff3/hdl/vhdl/Zevenseg.vhd:111]
INFO: [Synth 8-256] done synthesizing module 'Zevenseg' (1#1) [c:/Users/11401393/Desktop/bachelorproef/VivadoHLS/Demo/ZevensegBD/ZevensegBD.srcs/sources_1/bd/design_1/ipshared/fff3/hdl/vhdl/Zevenseg.vhd:28]
INFO: [Synth 8-256] done synthesizing module 'design_1_Zevenseg_0_1' (2#1) [c:/Users/11401393/Desktop/bachelorproef/VivadoHLS/Demo/ZevensegBD/ZevensegBD.srcs/sources_1/bd/design_1/ip/design_1_Zevenseg_0_1/synth/design_1_Zevenseg_0_1.vhd:72]
---------------------------------------------------------------------------------
Finished RTL Elaboration : Time (s): cpu = 00:00:07 ; elapsed = 00:00:10 . Memory (MB): peak = 328.320 ; gain = 118.984
---------------------------------------------------------------------------------

Report Check Netlist: 
+------+------------------+-------+---------+-------+------------------+
|      |Item              |Errors |Warnings |Status |Description       |
+------+------------------+-------+---------+-------+------------------+
|1     |multi_driven_nets |      0|        0|Passed |Multi driven nets |
+------+------------------+-------+---------+-------+------------------+
---------------------------------------------------------------------------------
Finished RTL Optimization Phase 1 : Time (s): cpu = 00:00:07 ; elapsed = 00:00:10 . Memory (MB): peak = 328.320 ; gain = 118.984
---------------------------------------------------------------------------------
INFO: [Device 21-403] Loading part xc7z010clg400-1
INFO: [Project 1-570] Preparing netlist for logic optimization

Processing XDC Constraints
Initializing timing engine
Parsing XDC File [c:/Users/11401393/Desktop/bachelorproef/VivadoHLS/Demo/ZevensegBD/ZevensegBD.srcs/sources_1/bd/design_1/ip/design_1_Zevenseg_0_1/constraints/Zevenseg_ooc.xdc] for cell 'U0'
Finished Parsing XDC File [c:/Users/11401393/Desktop/bachelorproef/VivadoHLS/Demo/ZevensegBD/ZevensegBD.srcs/sources_1/bd/design_1/ip/design_1_Zevenseg_0_1/constraints/Zevenseg_ooc.xdc] for cell 'U0'
Parsing XDC File [C:/Users/11401393/Desktop/bachelorproef/VivadoHLS/Demo/ZevensegBD/ZevensegBD.runs/design_1_Zevenseg_0_1_synth_1/dont_touch.xdc]
Finished Parsing XDC File [C:/Users/11401393/Desktop/bachelorproef/VivadoHLS/Demo/ZevensegBD/ZevensegBD.runs/design_1_Zevenseg_0_1_synth_1/dont_touch.xdc]
Completed Processing XDC Constraints

INFO: [Project 1-111] Unisim Transformation Summary:
No Unisim elements were transformed.

Constraint Validation Runtime : Time (s): cpu = 00:00:00 ; elapsed = 00:00:00.022 . Memory (MB): peak = 630.039 ; gain = 0.000
---------------------------------------------------------------------------------
Finished Constraint Validation : Time (s): cpu = 00:00:16 ; elapsed = 00:00:20 . Memory (MB): peak = 630.039 ; gain = 420.703
---------------------------------------------------------------------------------
---------------------------------------------------------------------------------
Start Loading Part and Timing Information
---------------------------------------------------------------------------------
Loading part: xc7z010clg400-1
---------------------------------------------------------------------------------
Finished Loading Part and Timing Information : Time (s): cpu = 00:00:16 ; elapsed = 00:00:20 . Memory (MB): peak = 630.039 ; gain = 420.703
---------------------------------------------------------------------------------
---------------------------------------------------------------------------------
Start Applying 'set_property' XDC Constraints
---------------------------------------------------------------------------------
Applied set_property DONT_TOUCH = true for U0. (constraint file  auto generated constraint, line ).
---------------------------------------------------------------------------------
Finished applying 'set_property' XDC Constraints : Time (s): cpu = 00:00:16 ; elapsed = 00:00:20 . Memory (MB): peak = 630.039 ; gain = 420.703
---------------------------------------------------------------------------------
INFO: [Synth 8-4471] merging register 'value_r_reg[31:0]' into 'value_assign_reg_464_reg[31:0]' [c:/Users/11401393/Desktop/bachelorproef/VivadoHLS/Demo/ZevensegBD/ZevensegBD.srcs/sources_1/bd/design_1/ipshared/fff3/hdl/vhdl/Zevenseg.vhd:205]
INFO: [Synth 8-4490] FSM extraction disabled for register 'ap_CS_fsm_reg' through user attribute
INFO: [Synth 8-5545] ROM "exitcond_fu_452_p2" won't be mapped to RAM because address size (27) is larger than maximum supported(25)
INFO: [Synth 8-5545] ROM "tmp_i_fu_225_p2" won't be mapped to RAM because address size (32) is larger than maximum supported(25)
INFO: [Synth 8-5545] ROM "tmp_8_i_fu_275_p2" won't be mapped to RAM because address size (32) is larger than maximum supported(25)
INFO: [Synth 8-5545] ROM "tmp_7_i_fu_270_p2" won't be mapped to RAM because address size (32) is larger than maximum supported(25)
INFO: [Synth 8-5545] ROM "tmp_3_i_fu_243_p2" won't be mapped to RAM because address size (32) is larger than maximum supported(25)
INFO: [Synth 8-5545] ROM "tmp_2_i_fu_238_p2" won't be mapped to RAM because address size (32) is larger than maximum supported(25)
INFO: [Synth 8-5545] ROM "tmp_18_i_fu_339_p2" won't be mapped to RAM because address size (32) is larger than maximum supported(25)
INFO: [Synth 8-5545] ROM "tmp_17_i_fu_334_p2" won't be mapped to RAM because address size (32) is larger than maximum supported(25)
INFO: [Synth 8-5545] ROM "tmp_13_i_fu_307_p2" won't be mapped to RAM because address size (32) is larger than maximum supported(25)
INFO: [Synth 8-5545] ROM "tmp_12_i_fu_302_p2" won't be mapped to RAM because address size (32) is larger than maximum supported(25)
INFO: [Synth 8-5545] ROM "tmp_22_i_fu_366_p2" won't be mapped to RAM because address size (32) is larger than maximum supported(25)
INFO: [Synth 8-5545] ROM "tmp_23_i_fu_371_p2" won't be mapped to RAM because address size (32) is larger than maximum supported(25)
INFO: [Synth 8-5545] ROM "tmp_27_i_fu_376_p2" won't be mapped to RAM because address size (32) is larger than maximum supported(25)
INFO: [Synth 8-5545] ROM "tmp_28_i_fu_381_p2" won't be mapped to RAM because address size (32) is larger than maximum supported(25)
INFO: [Synth 8-5545] ROM "tmp_32_i_fu_386_p2" won't be mapped to RAM because address size (32) is larger than maximum supported(25)
INFO: [Synth 8-5545] ROM "tmp_33_i_fu_391_p2" won't be mapped to RAM because address size (32) is larger than maximum supported(25)
---------------------------------------------------------------------------------
Finished RTL Optimization Phase 2 : Time (s): cpu = 00:00:17 ; elapsed = 00:00:20 . Memory (MB): peak = 630.039 ; gain = 420.703
---------------------------------------------------------------------------------

Report RTL Partitions: 
+-+--------------+------------+----------+
| |RTL Partition |Replication |Instances |
+-+--------------+------------+----------+
+-+--------------+------------+----------+
---------------------------------------------------------------------------------
Start RTL Component Statistics 
---------------------------------------------------------------------------------
Detailed RTL Component Info : 
+---Adders : 
	   2 Input     32 Bit       Adders := 2     
	   2 Input     31 Bit       Adders := 1     
+---Registers : 
	               32 Bit    Registers := 1     
	                7 Bit    Registers := 2     
	                4 Bit    Registers := 2     
	                1 Bit    Registers := 6     
+---Muxes : 
	   2 Input     32 Bit        Muxes := 2     
	   2 Input     31 Bit        Muxes := 1     
	   2 Input      7 Bit        Muxes := 5     
	   3 Input      7 Bit        Muxes := 2     
	   5 Input      7 Bit        Muxes := 1     
	   2 Input      6 Bit        Muxes := 2     
	   2 Input      5 Bit        Muxes := 2     
	   6 Input      4 Bit        Muxes := 1     
	   2 Input      2 Bit        Muxes := 1     
	   2 Input      1 Bit        Muxes := 17    
---------------------------------------------------------------------------------
Finished RTL Component Statistics 
---------------------------------------------------------------------------------
---------------------------------------------------------------------------------
Start RTL Hierarchical Component Statistics 
---------------------------------------------------------------------------------
Hierarchical RTL Component report 
Module Zevenseg 
Detailed RTL Component Info : 
+---Adders : 
	   2 Input     32 Bit       Adders := 2     
	   2 Input     31 Bit       Adders := 1     
+---Registers : 
	               32 Bit    Registers := 1     
	                7 Bit    Registers := 2     
	                4 Bit    Registers := 2     
	                1 Bit    Registers := 6     
+---Muxes : 
	   2 Input     32 Bit        Muxes := 2     
	   2 Input     31 Bit        Muxes := 1     
	   2 Input      7 Bit        Muxes := 5     
	   3 Input      7 Bit        Muxes := 2     
	   5 Input      7 Bit        Muxes := 1     
	   2 Input      6 Bit        Muxes := 2     
	   2 Input      5 Bit        Muxes := 2     
	   6 Input      4 Bit        Muxes := 1     
	   2 Input      2 Bit        Muxes := 1     
	   2 Input      1 Bit        Muxes := 17    
---------------------------------------------------------------------------------
Finished RTL Hierarchical Component Statistics
---------------------------------------------------------------------------------
---------------------------------------------------------------------------------
Start Part Resource Summary
---------------------------------------------------------------------------------
Part Resources:
DSPs: 80 (col length:40)
BRAMs: 120 (col length: RAMB18 40 RAMB36 20)
---------------------------------------------------------------------------------
Finished Part Resource Summary
---------------------------------------------------------------------------------
---------------------------------------------------------------------------------
Start Cross Boundary and Area Optimization
---------------------------------------------------------------------------------
INFO: [Synth 8-5545] ROM "tmp_23_i_fu_371_p2" won't be mapped to RAM because address size (32) is larger than maximum supported(25)
INFO: [Synth 8-5545] ROM "tmp_22_i_fu_366_p2" won't be mapped to RAM because address size (32) is larger than maximum supported(25)
INFO: [Synth 8-5545] ROM "tmp_12_i_fu_302_p2" won't be mapped to RAM because address size (32) is larger than maximum supported(25)
INFO: [Synth 8-5545] ROM "tmp_13_i_fu_307_p2" won't be mapped to RAM because address size (32) is larger than maximum supported(25)
INFO: [Synth 8-5545] ROM "tmp_18_i_fu_339_p2" won't be mapped to RAM because address size (32) is larger than maximum supported(25)
INFO: [Synth 8-5545] ROM "tmp_17_i_fu_334_p2" won't be mapped to RAM because address size (32) is larger than maximum supported(25)
INFO: [Synth 8-5545] ROM "tmp_8_i_fu_275_p2" won't be mapped to RAM because address size (32) is larger than maximum supported(25)
INFO: [Synth 8-5545] ROM "tmp_2_i_fu_238_p2" won't be mapped to RAM because address size (32) is larger than maximum supported(25)
INFO: [Synth 8-5545] ROM "tmp_3_i_fu_243_p2" won't be mapped to RAM because address size (32) is larger than maximum supported(25)
INFO: [Synth 8-5545] ROM "tmp_7_i_fu_270_p2" won't be mapped to RAM because address size (32) is larger than maximum supported(25)
INFO: [Synth 8-5545] ROM "tmp_i_fu_225_p2" won't be mapped to RAM because address size (32) is larger than maximum supported(25)
INFO: [Synth 8-5545] ROM "tmp_27_i_fu_376_p2" won't be mapped to RAM because address size (32) is larger than maximum supported(25)
INFO: [Synth 8-5545] ROM "tmp_28_i_fu_381_p2" won't be mapped to RAM because address size (32) is larger than maximum supported(25)
INFO: [Synth 8-5545] ROM "tmp_33_i_fu_391_p2" won't be mapped to RAM because address size (32) is larger than maximum supported(25)
INFO: [Synth 8-5545] ROM "tmp_32_i_fu_386_p2" won't be mapped to RAM because address size (32) is larger than maximum supported(25)
---------------------------------------------------------------------------------
Finished Cross Boundary and Area Optimization : Time (s): cpu = 00:00:17 ; elapsed = 00:00:21 . Memory (MB): peak = 630.039 ; gain = 420.703
---------------------------------------------------------------------------------

Report RTL Partitions: 
+-+--------------+------------+----------+
| |RTL Partition |Replication |Instances |
+-+--------------+------------+----------+
+-+--------------+------------+----------+
---------------------------------------------------------------------------------
Start Timing Optimization
---------------------------------------------------------------------------------
---------------------------------------------------------------------------------
Start Applying XDC Timing Constraints
---------------------------------------------------------------------------------
---------------------------------------------------------------------------------
Finished Applying XDC Timing Constraints : Time (s): cpu = 00:00:30 ; elapsed = 00:00:35 . Memory (MB): peak = 630.039 ; gain = 420.703
---------------------------------------------------------------------------------
---------------------------------------------------------------------------------
Finished Timing Optimization : Time (s): cpu = 00:00:31 ; elapsed = 00:00:36 . Memory (MB): peak = 630.039 ; gain = 420.703
---------------------------------------------------------------------------------

Report RTL Partitions: 
+-+--------------+------------+----------+
| |RTL Partition |Replication |Instances |
+-+--------------+------------+----------+
+-+--------------+------------+----------+
---------------------------------------------------------------------------------
Start Technology Mapping
---------------------------------------------------------------------------------
---------------------------------------------------------------------------------
Finished Technology Mapping : Time (s): cpu = 00:00:31 ; elapsed = 00:00:36 . Memory (MB): peak = 630.039 ; gain = 420.703
---------------------------------------------------------------------------------

Report RTL Partitions: 
+-+--------------+------------+----------+
| |RTL Partition |Replication |Instances |
+-+--------------+------------+----------+
+-+--------------+------------+----------+
---------------------------------------------------------------------------------
Start IO Insertion
---------------------------------------------------------------------------------
---------------------------------------------------------------------------------
Start Flattening Before IO Insertion
---------------------------------------------------------------------------------
---------------------------------------------------------------------------------
Finished Flattening Before IO Insertion
---------------------------------------------------------------------------------
---------------------------------------------------------------------------------
Start Final Netlist Cleanup
---------------------------------------------------------------------------------
---------------------------------------------------------------------------------
Finished Final Netlist Cleanup
---------------------------------------------------------------------------------
---------------------------------------------------------------------------------
Finished IO Insertion : Time (s): cpu = 00:00:32 ; elapsed = 00:00:37 . Memory (MB): peak = 630.039 ; gain = 420.703
---------------------------------------------------------------------------------

Report Check Netlist: 
+------+------------------+-------+---------+-------+------------------+
|      |Item              |Errors |Warnings |Status |Description       |
+------+------------------+-------+---------+-------+------------------+
|1     |multi_driven_nets |      0|        0|Passed |Multi driven nets |
+------+------------------+-------+---------+-------+------------------+
---------------------------------------------------------------------------------
Start Renaming Generated Instances
---------------------------------------------------------------------------------
---------------------------------------------------------------------------------
Finished Renaming Generated Instances : Time (s): cpu = 00:00:32 ; elapsed = 00:00:37 . Memory (MB): peak = 630.039 ; gain = 420.703
---------------------------------------------------------------------------------

Report RTL Partitions: 
+-+--------------+------------+----------+
| |RTL Partition |Replication |Instances |
+-+--------------+------------+----------+
+-+--------------+------------+----------+
---------------------------------------------------------------------------------
Start Rebuilding User Hierarchy
---------------------------------------------------------------------------------
---------------------------------------------------------------------------------
Finished Rebuilding User Hierarchy : Time (s): cpu = 00:00:32 ; elapsed = 00:00:37 . Memory (MB): peak = 630.039 ; gain = 420.703
---------------------------------------------------------------------------------
---------------------------------------------------------------------------------
Start Renaming Generated Ports
---------------------------------------------------------------------------------
---------------------------------------------------------------------------------
Finished Renaming Generated Ports : Time (s): cpu = 00:00:32 ; elapsed = 00:00:37 . Memory (MB): peak = 630.039 ; gain = 420.703
---------------------------------------------------------------------------------
---------------------------------------------------------------------------------
Start Handling Custom Attributes
---------------------------------------------------------------------------------
---------------------------------------------------------------------------------
Finished Handling Custom Attributes : Time (s): cpu = 00:00:32 ; elapsed = 00:00:37 . Memory (MB): peak = 630.039 ; gain = 420.703
---------------------------------------------------------------------------------
---------------------------------------------------------------------------------
Start Renaming Generated Nets
---------------------------------------------------------------------------------
---------------------------------------------------------------------------------
Finished Renaming Generated Nets : Time (s): cpu = 00:00:32 ; elapsed = 00:00:37 . Memory (MB): peak = 630.039 ; gain = 420.703
---------------------------------------------------------------------------------
---------------------------------------------------------------------------------
Start Writing Synthesis Report
---------------------------------------------------------------------------------

Report BlackBoxes: 
+-+--------------+----------+
| |BlackBox name |Instances |
+-+--------------+----------+
+-+--------------+----------+

Report Cell Usage: 
+------+-------+------+
|      |Cell   |Count |
+------+-------+------+
|1     |CARRY4 |    35|
|2     |LUT1   |   119|
|3     |LUT2   |    37|
|4     |LUT3   |     4|
|5     |LUT4   |    20|
|6     |LUT5   |    38|
|7     |LUT6   |    18|
|8     |FDRE   |    84|
|9     |FDSE   |     3|
+------+-------+------+

Report Instance Areas: 
+------+---------+---------+------+
|      |Instance |Module   |Cells |
+------+---------+---------+------+
|1     |top      |         |   358|
|2     |  U0     |Zevenseg |   358|
+------+---------+---------+------+
---------------------------------------------------------------------------------
Finished Writing Synthesis Report : Time (s): cpu = 00:00:32 ; elapsed = 00:00:37 . Memory (MB): peak = 630.039 ; gain = 420.703
---------------------------------------------------------------------------------
Synthesis finished with 0 errors, 0 critical warnings and 0 warnings.
Synthesis Optimization Runtime : Time (s): cpu = 00:00:19 ; elapsed = 00:00:25 . Memory (MB): peak = 630.039 ; gain = 112.867
Synthesis Optimization Complete : Time (s): cpu = 00:00:32 ; elapsed = 00:00:37 . Memory (MB): peak = 630.039 ; gain = 420.703
INFO: [Project 1-571] Translating synthesized netlist
INFO: [Netlist 29-17] Analyzing 35 Unisim elements for replacement
INFO: [Netlist 29-28] Unisim Transformation completed in 0 CPU seconds
INFO: [Project 1-570] Preparing netlist for logic optimization
Parsing XDC File [c:/Users/11401393/Desktop/bachelorproef/VivadoHLS/Demo/ZevensegBD/ZevensegBD.srcs/sources_1/bd/design_1/ip/design_1_Zevenseg_0_1/constraints/Zevenseg_ooc.xdc] for cell 'U0'
INFO: [Vivado 12-4761] HD.CLK_SRC property is set on port ap_clk. The net connecting to the port drives either clock PIN or hierarchical black box. Use the create_clock constraint to create a clock on this port prior to setting HD.CLK_SRC.  [c:/Users/11401393/Desktop/bachelorproef/VivadoHLS/Demo/ZevensegBD/ZevensegBD.srcs/sources_1/bd/design_1/ip/design_1_Zevenseg_0_1/constraints/Zevenseg_ooc.xdc:6]
Finished Parsing XDC File [c:/Users/11401393/Desktop/bachelorproef/VivadoHLS/Demo/ZevensegBD/ZevensegBD.srcs/sources_1/bd/design_1/ip/design_1_Zevenseg_0_1/constraints/Zevenseg_ooc.xdc] for cell 'U0'
INFO: [Opt 31-138] Pushed 0 inverter(s) to 0 load pin(s).
INFO: [Project 1-111] Unisim Transformation Summary:
No Unisim elements were transformed.

INFO: [Common 17-83] Releasing license: Synthesis
55 Infos, 0 Warnings, 0 Critical Warnings and 0 Errors encountered.
synth_design completed successfully
synth_design: Time (s): cpu = 00:00:31 ; elapsed = 00:00:34 . Memory (MB): peak = 630.039 ; gain = 414.586
INFO: [Common 17-1381] The checkpoint 'C:/Users/11401393/Desktop/bachelorproef/VivadoHLS/Demo/ZevensegBD/ZevensegBD.runs/design_1_Zevenseg_0_1_synth_1/design_1_Zevenseg_0_1.dcp' has been generated.
