INFO: [XSIM 43-3496] Using init file passed via -initfile option "C:/Xilinx/Vivado/2016.4/data/xsim/ip/xsim_ip.ini".
Vivado Simulator 2016.4
Copyright 1986-1999, 2001-2016 Xilinx, Inc. All Rights Reserved.
Running: C:/Xilinx/Vivado/2016.4/bin/unwrapped/win64.o/xelab.exe xil_defaultlib.apatb_Zevenseg_top -prj Zevenseg.prj --initfile C:/Xilinx/Vivado/2016.4/data/xsim/ip/xsim_ip.ini --lib ieee_proposed=./ieee_proposed -s Zevenseg 
Multi-threading is on. Using 2 slave threads.
Determining compilation order of HDL files.
INFO: [VRFC 10-163] Analyzing VHDL file "C:/Users/11401393/Desktop/bachelorproef/VivadoHLS/Demo/Zevenseg/solution1/sim/vhdl/AESL_sim_pkg.vhd" into library xil_defaultlib
INFO: [VRFC 10-163] Analyzing VHDL file "C:/Users/11401393/Desktop/bachelorproef/VivadoHLS/Demo/Zevenseg/solution1/sim/vhdl/Zevenseg.autotb.vhd" into library xil_defaultlib
INFO: [VRFC 10-307] analyzing entity apatb_Zevenseg_top
INFO: [VRFC 10-163] Analyzing VHDL file "C:/Users/11401393/Desktop/bachelorproef/VivadoHLS/Demo/Zevenseg/solution1/sim/vhdl/Zevenseg.vhd" into library xil_defaultlib
INFO: [VRFC 10-307] analyzing entity Zevenseg
Starting static elaboration
Completed static elaboration
Starting simulation data flow analysis
Completed simulation data flow analysis
Time Resolution for simulation is 1ps
Compiling package std.standard
Compiling package std.textio
Compiling package ieee.std_logic_1164
Compiling package ieee.std_logic_arith
Compiling package ieee.std_logic_unsigned
Compiling package ieee.numeric_std
Compiling package ieee.std_logic_textio
Compiling architecture behav of entity xil_defaultlib.Zevenseg [zevenseg_default]
Compiling architecture behav of entity xil_defaultlib.apatb_zevenseg_top
Built simulation snapshot Zevenseg
