

================================================================
== Vivado HLS Report for 'Zevenseg'
================================================================
* Date:           Wed May 10 10:09:13 2017

* Version:        2016.4 (Build 1756540 on Mon Jan 23 19:31:01 MST 2017)
* Project:        Zevenseg
* Solution:       solution1
* Product family: zynq
* Target device:  xc7z010clg400-1


================================================================
== Performance Estimates
================================================================
+ Timing (ns): 
    * Summary: 
    +--------+-------+----------+------------+
    |  Clock | Target| Estimated| Uncertainty|
    +--------+-------+----------+------------+
    |ap_clk  |   8.00|      8.00|        0.00|
    +--------+-------+----------+------------+

+ Latency (clock cycles): 
    * Summary: 
    +-----------+-----------+-----------+-----------+---------+
    |        Latency        |        Interval       | Pipeline|
    |    min    |    max    |    min    |    max    |   Type  |
    +-----------+-----------+-----------+-----------+---------+
    |  100000003|  100000003|  100000004|  100000004|   none  |
    +-----------+-----------+-----------+-----------+---------+

    + Detail: 
        * Instance: 
        N/A

        * Loop: 
        +----------+-----------+-----------+----------+-----------+-----------+-----------+----------+
        |          |        Latency        | Iteration|  Initiation Interval  |    Trip   |          |
        | Loop Name|    min    |    max    |  Latency |  achieved |   target  |   Count   | Pipelined|
        +----------+-----------+-----------+----------+-----------+-----------+-----------+----------+
        |- Loop 1  |  100000000|  100000000|         1|          -|          -|  100000000|    no    |
        +----------+-----------+-----------+----------+-----------+-----------+-----------+----------+

============================================================
+ Verbose Summary: Synthesis Manager
============================================================
InlineROM: 1
ExposeGlobal: 0
============================================================
+ Verbose Summary: CDFG Model
============================================================
IsTopModel: 1
ResetActiveHigh: 1
IsCombinational: 0
IsDatapathOnly: 0
HasWiredReturn: 1
HasMFsm: 0
HasVarLatency: 1
IsPipeline: 0
IsRtlPipelined: 0
IsInstanceOverlapped: 0
IsDontTouch: 0
HasImplIP: 0
IsGatedGlobalClock: 0


============================================================
+ Verbose Summary: Schedule
============================================================
* Number of FSM states: 4
* Pipeline: 0
* Dataflow Pipeline: 0

* FSM state transitions: 
1 --> 
	2  / true
2 --> 
	3  / true
3 --> 
	4  / true
4 --> 
	4  / (!exitcond)
* FSM state operations: 

 <State 1>: 6.27ns
ST_1: sw_read (9)  [1/1] 0.00ns
_ifconv:4  %sw_read = call i1 @_ssdm_op_Read.ap_auto.i1(i1 %sw)

ST_1: value_load (10)  [1/1] 0.00ns  loc: Zevenseg.cpp:65
_ifconv:5  %value_load = load i32* @value_r, align 4

ST_1: tmp (11)  [1/1] 2.44ns  loc: Zevenseg.cpp:65
_ifconv:6  %tmp = add nsw i32 1, %value_load

ST_1: tmp_1 (12)  [1/1] 0.00ns  loc: Zevenseg.cpp:66
_ifconv:7  %tmp_1 = call i28 @_ssdm_op_PartSelect.i28.i32.i32.i32(i32 %tmp, i32 4, i32 31)

ST_1: icmp (13)  [1/1] 2.46ns  loc: Zevenseg.cpp:66
_ifconv:8  %icmp = icmp sgt i28 %tmp_1, 0

ST_1: p_s (14)  [1/1] 0.00ns  loc: Zevenseg.cpp:66 (grouped into LUT with out node value_assign)
_ifconv:9  %p_s = select i1 %icmp, i32 0, i32 %tmp

ST_1: tmp_3 (15)  [1/1] 0.00ns  loc: Zevenseg.cpp:65
_ifconv:10  %tmp_3 = trunc i32 %value_load to i31

ST_1: tmp_2 (16)  [1/1] 2.44ns  loc: Zevenseg.cpp:70
_ifconv:11  %tmp_2 = add nsw i32 -1, %value_load

ST_1: tmp_2_cast (17)  [1/1] 2.44ns  loc: Zevenseg.cpp:71
_ifconv:12  %tmp_2_cast = add i31 -1, %tmp_3

ST_1: tmp_4 (18)  [1/1] 0.00ns  loc: Zevenseg.cpp:71 (grouped into LUT with out node value_assign)
_ifconv:13  %tmp_4 = call i1 @_ssdm_op_BitSelect.i1.i32.i32(i32 %tmp_2, i32 31)

ST_1: p_1 (19)  [1/1] 0.00ns  loc: Zevenseg.cpp:71 (grouped into LUT with out node value_assign)
_ifconv:14  %p_1 = select i1 %tmp_4, i31 15, i31 %tmp_2_cast

ST_1: p_1_cast (20)  [1/1] 0.00ns  loc: Zevenseg.cpp:71 (grouped into LUT with out node value_assign)
_ifconv:15  %p_1_cast = zext i31 %p_1 to i32

ST_1: value_assign (21)  [1/1] 1.37ns  loc: Zevenseg.cpp:76 (out node of the LUT)
_ifconv:16  %value_assign = select i1 %sw_read, i32 %p_s, i32 %p_1_cast

ST_1: StgValue_18 (22)  [1/1] 0.00ns  loc: Zevenseg.cpp:65
_ifconv:17  store i32 %value_assign, i32* @value_r, align 4

ST_1: tmp_5 (60)  [1/1] 0.00ns  loc: Zevenseg.cpp:76
_ifconv:55  %tmp_5 = trunc i32 %value_assign to i4


 <State 2>: 8.00ns
ST_2: tmp_i (23)  [1/1] 2.52ns  loc: Zevenseg.cpp:76
_ifconv:18  %tmp_i = icmp eq i32 %value_assign, 0

ST_2: tmp_1_i (24)  [1/1] 0.00ns  loc: Zevenseg.cpp:75 (grouped into LUT with out node tmp_6_i)
_ifconv:19  %tmp_1_i = select i1 %tmp_i, i7 -64, i7 0

ST_2: tmp_2_i (25)  [1/1] 2.52ns  loc: Zevenseg.cpp:76
_ifconv:20  %tmp_2_i = icmp eq i32 %value_assign, 1

ST_2: tmp_3_i (26)  [1/1] 2.52ns  loc: Zevenseg.cpp:76
_ifconv:21  %tmp_3_i = icmp eq i32 %value_assign, 2

ST_2: tmp_4_i (27)  [1/1] 0.00ns  loc: Zevenseg.cpp:75 (grouped into LUT with out node tmp_6_i)
_ifconv:22  %tmp_4_i = select i1 %tmp_3_i, i7 36, i7 -7

ST_2: tmp_5_i (28)  [1/1] 0.00ns  loc: Zevenseg.cpp:76 (grouped into LUT with out node tmp_6_i)
_ifconv:23  %tmp_5_i = or i1 %tmp_3_i, %tmp_2_i

ST_2: tmp_6_i (29)  [1/1] 1.37ns  loc: Zevenseg.cpp:75 (out node of the LUT)
_ifconv:24  %tmp_6_i = select i1 %tmp_5_i, i7 %tmp_4_i, i7 %tmp_1_i

ST_2: tmp_7_i (30)  [1/1] 2.52ns  loc: Zevenseg.cpp:76
_ifconv:25  %tmp_7_i = icmp eq i32 %value_assign, 3

ST_2: tmp_8_i (31)  [1/1] 2.52ns  loc: Zevenseg.cpp:76
_ifconv:26  %tmp_8_i = icmp eq i32 %value_assign, 4

ST_2: tmp_9_i_cast_cast (32)  [1/1] 0.00ns  loc: Zevenseg.cpp:75 (grouped into LUT with out node tmp_11_i)
_ifconv:27  %tmp_9_i_cast_cast = select i1 %tmp_8_i, i7 25, i7 48

ST_2: tmp_10_i (33)  [1/1] 0.00ns  loc: Zevenseg.cpp:76 (grouped into LUT with out node tmp_11_i)
_ifconv:28  %tmp_10_i = or i1 %tmp_8_i, %tmp_7_i

ST_2: tmp_11_i (34)  [1/1] 1.37ns  loc: Zevenseg.cpp:75 (out node of the LUT)
_ifconv:29  %tmp_11_i = select i1 %tmp_10_i, i7 %tmp_9_i_cast_cast, i7 %tmp_6_i

ST_2: tmp_12_i (35)  [1/1] 2.52ns  loc: Zevenseg.cpp:76
_ifconv:30  %tmp_12_i = icmp eq i32 %value_assign, 5

ST_2: tmp_13_i (36)  [1/1] 2.52ns  loc: Zevenseg.cpp:76
_ifconv:31  %tmp_13_i = icmp eq i32 %value_assign, 6

ST_2: tmp_14_i_cast_cast (37)  [1/1] 0.00ns  loc: Zevenseg.cpp:75 (grouped into LUT with out node tmp_16_i)
_ifconv:32  %tmp_14_i_cast_cast = select i1 %tmp_13_i, i7 2, i7 18

ST_2: tmp_15_i (38)  [1/1] 0.00ns  loc: Zevenseg.cpp:76 (grouped into LUT with out node tmp_16_i)
_ifconv:33  %tmp_15_i = or i1 %tmp_13_i, %tmp_12_i

ST_2: tmp_16_i (39)  [1/1] 1.37ns  loc: Zevenseg.cpp:75 (out node of the LUT)
_ifconv:34  %tmp_16_i = select i1 %tmp_15_i, i7 %tmp_14_i_cast_cast, i7 %tmp_11_i

ST_2: tmp_17_i (40)  [1/1] 2.52ns  loc: Zevenseg.cpp:76
_ifconv:35  %tmp_17_i = icmp eq i32 %value_assign, 7

ST_2: tmp_18_i (41)  [1/1] 2.52ns  loc: Zevenseg.cpp:76
_ifconv:36  %tmp_18_i = icmp eq i32 %value_assign, 15

ST_2: tmp_19_i_cast_cast (42)  [1/1] 0.00ns  loc: Zevenseg.cpp:75 (grouped into LUT with out node tmp_21_i)
_ifconv:37  %tmp_19_i_cast_cast = select i1 %tmp_18_i, i7 14, i7 -8

ST_2: tmp_20_i (43)  [1/1] 0.00ns  loc: Zevenseg.cpp:76 (grouped into LUT with out node tmp_21_i)
_ifconv:38  %tmp_20_i = or i1 %tmp_18_i, %tmp_17_i

ST_2: tmp_21_i (44)  [1/1] 1.37ns  loc: Zevenseg.cpp:75 (out node of the LUT)
_ifconv:39  %tmp_21_i = select i1 %tmp_20_i, i7 %tmp_19_i_cast_cast, i7 %tmp_16_i

ST_2: tmp_22_i (45)  [1/1] 2.52ns  loc: Zevenseg.cpp:76
_ifconv:40  %tmp_22_i = icmp eq i32 %value_assign, 9

ST_2: tmp_23_i (46)  [1/1] 2.52ns  loc: Zevenseg.cpp:76
_ifconv:41  %tmp_23_i = icmp eq i32 %value_assign, 10

ST_2: tmp_27_i (50)  [1/1] 2.52ns  loc: Zevenseg.cpp:76
_ifconv:45  %tmp_27_i = icmp eq i32 %value_assign, 11

ST_2: tmp_28_i (51)  [1/1] 2.52ns  loc: Zevenseg.cpp:76
_ifconv:46  %tmp_28_i = icmp eq i32 %value_assign, 12

ST_2: tmp_32_i (55)  [1/1] 2.52ns  loc: Zevenseg.cpp:76
_ifconv:50  %tmp_32_i = icmp eq i32 %value_assign, 13

ST_2: tmp_33_i (56)  [1/1] 2.52ns  loc: Zevenseg.cpp:76
_ifconv:51  %tmp_33_i = icmp eq i32 %value_assign, 14


 <State 3>: 4.11ns
ST_3: StgValue_48 (5)  [1/1] 0.00ns
_ifconv:0  call void (...)* @_ssdm_op_SpecBitsMap(i1 %sw), !map !33

ST_3: StgValue_49 (6)  [1/1] 0.00ns
_ifconv:1  call void (...)* @_ssdm_op_SpecBitsMap(i4* %led_V), !map !39

ST_3: StgValue_50 (7)  [1/1] 0.00ns
_ifconv:2  call void (...)* @_ssdm_op_SpecBitsMap(i7* %display_V), !map !43

ST_3: StgValue_51 (8)  [1/1] 0.00ns
_ifconv:3  call void (...)* @_ssdm_op_SpecTopModule([9 x i8]* @Zevenseg_str) nounwind

ST_3: tmp_24_i_cast_cast (47)  [1/1] 0.00ns  loc: Zevenseg.cpp:75 (grouped into LUT with out node tmp_26_i)
_ifconv:42  %tmp_24_i_cast_cast = select i1 %tmp_23_i, i7 8, i7 16

ST_3: tmp_25_i (48)  [1/1] 0.00ns  loc: Zevenseg.cpp:76 (grouped into LUT with out node tmp_26_i)
_ifconv:43  %tmp_25_i = or i1 %tmp_23_i, %tmp_22_i

ST_3: tmp_26_i (49)  [1/1] 1.37ns  loc: Zevenseg.cpp:75 (out node of the LUT)
_ifconv:44  %tmp_26_i = select i1 %tmp_25_i, i7 %tmp_24_i_cast_cast, i7 %tmp_21_i

ST_3: tmp_29_i (52)  [1/1] 0.00ns  loc: Zevenseg.cpp:75 (grouped into LUT with out node tmp_31_i)
_ifconv:47  %tmp_29_i = select i1 %tmp_28_i, i7 -58, i7 3

ST_3: tmp_30_i (53)  [1/1] 0.00ns  loc: Zevenseg.cpp:76 (grouped into LUT with out node tmp_31_i)
_ifconv:48  %tmp_30_i = or i1 %tmp_28_i, %tmp_27_i

ST_3: tmp_31_i (54)  [1/1] 1.37ns  loc: Zevenseg.cpp:75 (out node of the LUT)
_ifconv:49  %tmp_31_i = select i1 %tmp_30_i, i7 %tmp_29_i, i7 %tmp_26_i

ST_3: tmp_34_i_cast_cast (57)  [1/1] 0.00ns  loc: Zevenseg.cpp:75 (grouped into LUT with out node value_display_i)
_ifconv:52  %tmp_34_i_cast_cast = select i1 %tmp_33_i, i7 6, i7 33

ST_3: tmp_35_i (58)  [1/1] 0.00ns  loc: Zevenseg.cpp:76 (grouped into LUT with out node value_display_i)
_ifconv:53  %tmp_35_i = or i1 %tmp_33_i, %tmp_32_i

ST_3: value_display_i (59)  [1/1] 1.37ns  loc: Zevenseg.cpp:75 (out node of the LUT)
_ifconv:54  %value_display_i = select i1 %tmp_35_i, i7 %tmp_34_i_cast_cast, i7 %tmp_31_i

ST_3: StgValue_61 (61)  [1/1] 1.57ns  loc: Zevenseg.cpp:74
_ifconv:56  br label %0


 <State 4>: 2.44ns
ST_4: i (63)  [1/1] 0.00ns
:0  %i = phi i27 [ 0, %_ifconv ], [ %i_1, %1 ]

ST_4: exitcond (64)  [1/1] 2.44ns  loc: Zevenseg.cpp:74
:1  %exitcond = icmp eq i27 %i, -34217728

ST_4: empty (65)  [1/1] 0.00ns
:2  %empty = call i32 (...)* @_ssdm_op_SpecLoopTripCount(i64 100000000, i64 100000000, i64 100000000)

ST_4: i_1 (66)  [1/1] 2.32ns  loc: Zevenseg.cpp:74
:3  %i_1 = add i27 %i, 1

ST_4: StgValue_66 (67)  [1/1] 0.00ns  loc: Zevenseg.cpp:74
:4  br i1 %exitcond, label %2, label %1

ST_4: StgValue_67 (69)  [1/1] 0.00ns  loc: Zevenseg.cpp:75
:0  call void @_ssdm_op_Write.ap_auto.i7P(i7* %display_V, i7 %value_display_i)

ST_4: StgValue_68 (70)  [1/1] 0.00ns  loc: Zevenseg.cpp:76
:1  call void @_ssdm_op_Write.ap_auto.i4P(i4* %led_V, i4 %tmp_5)

ST_4: StgValue_69 (71)  [1/1] 0.00ns  loc: Zevenseg.cpp:74
:2  br label %0

ST_4: StgValue_70 (73)  [1/1] 0.00ns  loc: Zevenseg.cpp:78
:0  ret void



============================================================
+ Verbose Summary: Binding
============================================================
STG Binding: 
---------------- STG Properties BEGIN ----------------
- Is combinational: 0
- Is one-state seq: 0
- Is datapath-only: 0
- Is clock enabled: 0
- Is pipelined: 0
- Is top level: 1
Port [ Return ] is wired: 1; IO mode=ap_ctrl_hs:ce=0
Port [ sw]:  wired=1; compound=0; hidden=0; nouse=0; global=0; static=0; extern=0; dir=0; type=0; pingpong=0; private_global=0; IO mode=ap_none:ce=0
Port [ led_V]:  wired=1; compound=0; hidden=0; nouse=0; global=0; static=0; extern=0; dir=1; type=0; pingpong=0; private_global=0; IO mode=ap_vld:ce=0
Port [ display_V]:  wired=1; compound=0; hidden=0; nouse=0; global=0; static=0; extern=0; dir=1; type=0; pingpong=0; private_global=0; IO mode=ap_vld:ce=0
Port [ value_r]:  wired=0; compound=0; hidden=1; nouse=0; global=1; static=1; extern=0; dir=2; type=0; pingpong=0; private_global=1; linkage=7; visibility=0; IO mode=ap_ovld:ce=0
---------------- STG Properties END ------------------

---------------- Datapath Model BEGIN ----------------

<LifeTime>
<method=bitvector/>
sw_read            (read             ) [ 00000]
value_load         (load             ) [ 00000]
tmp                (add              ) [ 00000]
tmp_1              (partselect       ) [ 00000]
icmp               (icmp             ) [ 00000]
p_s                (select           ) [ 00000]
tmp_3              (trunc            ) [ 00000]
tmp_2              (add              ) [ 00000]
tmp_2_cast         (add              ) [ 00000]
tmp_4              (bitselect        ) [ 00000]
p_1                (select           ) [ 00000]
p_1_cast           (zext             ) [ 00000]
value_assign       (select           ) [ 00100]
StgValue_18        (store            ) [ 00000]
tmp_5              (trunc            ) [ 00111]
tmp_i              (icmp             ) [ 00000]
tmp_1_i            (select           ) [ 00000]
tmp_2_i            (icmp             ) [ 00000]
tmp_3_i            (icmp             ) [ 00000]
tmp_4_i            (select           ) [ 00000]
tmp_5_i            (or               ) [ 00000]
tmp_6_i            (select           ) [ 00000]
tmp_7_i            (icmp             ) [ 00000]
tmp_8_i            (icmp             ) [ 00000]
tmp_9_i_cast_cast  (select           ) [ 00000]
tmp_10_i           (or               ) [ 00000]
tmp_11_i           (select           ) [ 00000]
tmp_12_i           (icmp             ) [ 00000]
tmp_13_i           (icmp             ) [ 00000]
tmp_14_i_cast_cast (select           ) [ 00000]
tmp_15_i           (or               ) [ 00000]
tmp_16_i           (select           ) [ 00000]
tmp_17_i           (icmp             ) [ 00000]
tmp_18_i           (icmp             ) [ 00000]
tmp_19_i_cast_cast (select           ) [ 00000]
tmp_20_i           (or               ) [ 00000]
tmp_21_i           (select           ) [ 00010]
tmp_22_i           (icmp             ) [ 00010]
tmp_23_i           (icmp             ) [ 00010]
tmp_27_i           (icmp             ) [ 00010]
tmp_28_i           (icmp             ) [ 00010]
tmp_32_i           (icmp             ) [ 00010]
tmp_33_i           (icmp             ) [ 00010]
StgValue_48        (specbitsmap      ) [ 00000]
StgValue_49        (specbitsmap      ) [ 00000]
StgValue_50        (specbitsmap      ) [ 00000]
StgValue_51        (spectopmodule    ) [ 00000]
tmp_24_i_cast_cast (select           ) [ 00000]
tmp_25_i           (or               ) [ 00000]
tmp_26_i           (select           ) [ 00000]
tmp_29_i           (select           ) [ 00000]
tmp_30_i           (or               ) [ 00000]
tmp_31_i           (select           ) [ 00000]
tmp_34_i_cast_cast (select           ) [ 00000]
tmp_35_i           (or               ) [ 00000]
value_display_i    (select           ) [ 00001]
StgValue_61        (br               ) [ 00011]
i                  (phi              ) [ 00001]
exitcond           (icmp             ) [ 00001]
empty              (speclooptripcount) [ 00000]
i_1                (add              ) [ 00011]
StgValue_66        (br               ) [ 00000]
StgValue_67        (write            ) [ 00000]
StgValue_68        (write            ) [ 00000]
StgValue_69        (br               ) [ 00011]
StgValue_70        (ret              ) [ 00000]
</LifeTime>

<model>

<comp_list>
<comp id="0" class="1000" name="sw">
<pin_list>
<pin id="1" dir="1" index="0" bw="1" slack="0"/>
</pin_list>
<bind>
<StgValue><ssdm name="sw"/></StgValue>
</bind>
</comp>

<comp id="2" class="1000" name="led_V">
<pin_list>
<pin id="3" dir="1" index="0" bw="1" slack="0"/>
</pin_list>
<bind>
<StgValue><ssdm name="led_V"/></StgValue>
</bind>
</comp>

<comp id="4" class="1000" name="display_V">
<pin_list>
<pin id="5" dir="1" index="0" bw="1" slack="0"/>
</pin_list>
<bind>
<StgValue><ssdm name="display_V"/></StgValue>
</bind>
</comp>

<comp id="6" class="1000" name="value_r">
<pin_list>
<pin id="7" dir="1" index="0" bw="1" slack="0"/>
</pin_list>
<bind>
<StgValue><ssdm name="value_r"/></StgValue>
</bind>
</comp>

<comp id="8" class="1001" name="const_8">
<pin_list>
<pin id="9" dir="1" index="0" bw="1" slack="0"/>
</pin_list>
<bind>
<StgValue><ssdm name="_ssdm_op_Read.ap_auto.i1"/></StgValue>
</bind>
</comp>

<comp id="10" class="1001" name="const_10">
<pin_list>
<pin id="11" dir="1" index="0" bw="1" slack="0"/>
</pin_list>
<bind>
<StgValue><ssdm name=""/></StgValue>
</bind>
</comp>

<comp id="12" class="1001" name="const_12">
<pin_list>
<pin id="13" dir="1" index="0" bw="1" slack="0"/>
</pin_list>
<bind>
<StgValue><ssdm name="_ssdm_op_PartSelect.i28.i32.i32.i32"/></StgValue>
</bind>
</comp>

<comp id="14" class="1001" name="const_14">
<pin_list>
<pin id="15" dir="1" index="0" bw="1" slack="0"/>
</pin_list>
<bind>
<StgValue><ssdm name=""/></StgValue>
</bind>
</comp>

<comp id="16" class="1001" name="const_16">
<pin_list>
<pin id="17" dir="1" index="0" bw="1" slack="0"/>
</pin_list>
<bind>
<StgValue><ssdm name=""/></StgValue>
</bind>
</comp>

<comp id="18" class="1001" name="const_18">
<pin_list>
<pin id="19" dir="1" index="0" bw="1" slack="0"/>
</pin_list>
<bind>
<StgValue><ssdm name=""/></StgValue>
</bind>
</comp>

<comp id="20" class="1001" name="const_20">
<pin_list>
<pin id="21" dir="1" index="0" bw="1" slack="0"/>
</pin_list>
<bind>
<StgValue><ssdm name=""/></StgValue>
</bind>
</comp>

<comp id="22" class="1001" name="const_22">
<pin_list>
<pin id="23" dir="1" index="0" bw="1" slack="0"/>
</pin_list>
<bind>
<StgValue><ssdm name=""/></StgValue>
</bind>
</comp>

<comp id="24" class="1001" name="const_24">
<pin_list>
<pin id="25" dir="1" index="0" bw="1" slack="0"/>
</pin_list>
<bind>
<StgValue><ssdm name=""/></StgValue>
</bind>
</comp>

<comp id="26" class="1001" name="const_26">
<pin_list>
<pin id="27" dir="1" index="0" bw="1" slack="0"/>
</pin_list>
<bind>
<StgValue><ssdm name="_ssdm_op_BitSelect.i1.i32.i32"/></StgValue>
</bind>
</comp>

<comp id="28" class="1001" name="const_28">
<pin_list>
<pin id="29" dir="1" index="0" bw="1" slack="0"/>
</pin_list>
<bind>
<StgValue><ssdm name=""/></StgValue>
</bind>
</comp>

<comp id="30" class="1001" name="const_30">
<pin_list>
<pin id="31" dir="1" index="0" bw="1" slack="0"/>
</pin_list>
<bind>
<StgValue><ssdm name=""/></StgValue>
</bind>
</comp>

<comp id="32" class="1001" name="const_32">
<pin_list>
<pin id="33" dir="1" index="0" bw="1" slack="0"/>
</pin_list>
<bind>
<StgValue><ssdm name=""/></StgValue>
</bind>
</comp>

<comp id="34" class="1001" name="const_34">
<pin_list>
<pin id="35" dir="1" index="0" bw="1" slack="0"/>
</pin_list>
<bind>
<StgValue><ssdm name=""/></StgValue>
</bind>
</comp>

<comp id="36" class="1001" name="const_36">
<pin_list>
<pin id="37" dir="1" index="0" bw="1" slack="0"/>
</pin_list>
<bind>
<StgValue><ssdm name=""/></StgValue>
</bind>
</comp>

<comp id="38" class="1001" name="const_38">
<pin_list>
<pin id="39" dir="1" index="0" bw="1" slack="0"/>
</pin_list>
<bind>
<StgValue><ssdm name=""/></StgValue>
</bind>
</comp>

<comp id="40" class="1001" name="const_40">
<pin_list>
<pin id="41" dir="1" index="0" bw="1" slack="0"/>
</pin_list>
<bind>
<StgValue><ssdm name=""/></StgValue>
</bind>
</comp>

<comp id="42" class="1001" name="const_42">
<pin_list>
<pin id="43" dir="1" index="0" bw="1" slack="0"/>
</pin_list>
<bind>
<StgValue><ssdm name=""/></StgValue>
</bind>
</comp>

<comp id="44" class="1001" name="const_44">
<pin_list>
<pin id="45" dir="1" index="0" bw="1" slack="0"/>
</pin_list>
<bind>
<StgValue><ssdm name=""/></StgValue>
</bind>
</comp>

<comp id="46" class="1001" name="const_46">
<pin_list>
<pin id="47" dir="1" index="0" bw="1" slack="0"/>
</pin_list>
<bind>
<StgValue><ssdm name=""/></StgValue>
</bind>
</comp>

<comp id="48" class="1001" name="const_48">
<pin_list>
<pin id="49" dir="1" index="0" bw="1" slack="0"/>
</pin_list>
<bind>
<StgValue><ssdm name=""/></StgValue>
</bind>
</comp>

<comp id="50" class="1001" name="const_50">
<pin_list>
<pin id="51" dir="1" index="0" bw="1" slack="0"/>
</pin_list>
<bind>
<StgValue><ssdm name=""/></StgValue>
</bind>
</comp>

<comp id="52" class="1001" name="const_52">
<pin_list>
<pin id="53" dir="1" index="0" bw="1" slack="0"/>
</pin_list>
<bind>
<StgValue><ssdm name=""/></StgValue>
</bind>
</comp>

<comp id="54" class="1001" name="const_54">
<pin_list>
<pin id="55" dir="1" index="0" bw="1" slack="0"/>
</pin_list>
<bind>
<StgValue><ssdm name=""/></StgValue>
</bind>
</comp>

<comp id="56" class="1001" name="const_56">
<pin_list>
<pin id="57" dir="1" index="0" bw="1" slack="0"/>
</pin_list>
<bind>
<StgValue><ssdm name=""/></StgValue>
</bind>
</comp>

<comp id="58" class="1001" name="const_58">
<pin_list>
<pin id="59" dir="1" index="0" bw="1" slack="0"/>
</pin_list>
<bind>
<StgValue><ssdm name=""/></StgValue>
</bind>
</comp>

<comp id="60" class="1001" name="const_60">
<pin_list>
<pin id="61" dir="1" index="0" bw="1" slack="0"/>
</pin_list>
<bind>
<StgValue><ssdm name=""/></StgValue>
</bind>
</comp>

<comp id="62" class="1001" name="const_62">
<pin_list>
<pin id="63" dir="1" index="0" bw="1" slack="0"/>
</pin_list>
<bind>
<StgValue><ssdm name=""/></StgValue>
</bind>
</comp>

<comp id="64" class="1001" name="const_64">
<pin_list>
<pin id="65" dir="1" index="0" bw="1" slack="0"/>
</pin_list>
<bind>
<StgValue><ssdm name=""/></StgValue>
</bind>
</comp>

<comp id="66" class="1001" name="const_66">
<pin_list>
<pin id="67" dir="1" index="0" bw="1" slack="0"/>
</pin_list>
<bind>
<StgValue><ssdm name=""/></StgValue>
</bind>
</comp>

<comp id="68" class="1001" name="const_68">
<pin_list>
<pin id="69" dir="1" index="0" bw="1" slack="0"/>
</pin_list>
<bind>
<StgValue><ssdm name=""/></StgValue>
</bind>
</comp>

<comp id="70" class="1001" name="const_70">
<pin_list>
<pin id="71" dir="1" index="0" bw="1" slack="0"/>
</pin_list>
<bind>
<StgValue><ssdm name=""/></StgValue>
</bind>
</comp>

<comp id="72" class="1001" name="const_72">
<pin_list>
<pin id="73" dir="1" index="0" bw="1" slack="0"/>
</pin_list>
<bind>
<StgValue><ssdm name=""/></StgValue>
</bind>
</comp>

<comp id="74" class="1001" name="const_74">
<pin_list>
<pin id="75" dir="1" index="0" bw="1" slack="2147483647"/>
</pin_list>
<bind>
<StgValue><ssdm name="_ssdm_op_SpecBitsMap"/></StgValue>
</bind>
</comp>

<comp id="76" class="1001" name="const_76">
<pin_list>
<pin id="77" dir="1" index="0" bw="1" slack="2147483647"/>
</pin_list>
<bind>
<StgValue><ssdm name="_ssdm_op_SpecTopModule"/></StgValue>
</bind>
</comp>

<comp id="78" class="1001" name="const_78">
<pin_list>
<pin id="79" dir="1" index="0" bw="1" slack="2147483647"/>
</pin_list>
<bind>
<StgValue><ssdm name="Zevenseg_str"/></StgValue>
</bind>
</comp>

<comp id="80" class="1001" name="const_80">
<pin_list>
<pin id="81" dir="1" index="0" bw="1" slack="0"/>
</pin_list>
<bind>
<StgValue><ssdm name=""/></StgValue>
</bind>
</comp>

<comp id="82" class="1001" name="const_82">
<pin_list>
<pin id="83" dir="1" index="0" bw="1" slack="0"/>
</pin_list>
<bind>
<StgValue><ssdm name=""/></StgValue>
</bind>
</comp>

<comp id="84" class="1001" name="const_84">
<pin_list>
<pin id="85" dir="1" index="0" bw="1" slack="0"/>
</pin_list>
<bind>
<StgValue><ssdm name=""/></StgValue>
</bind>
</comp>

<comp id="86" class="1001" name="const_86">
<pin_list>
<pin id="87" dir="1" index="0" bw="1" slack="0"/>
</pin_list>
<bind>
<StgValue><ssdm name=""/></StgValue>
</bind>
</comp>

<comp id="88" class="1001" name="const_88">
<pin_list>
<pin id="89" dir="1" index="0" bw="1" slack="0"/>
</pin_list>
<bind>
<StgValue><ssdm name=""/></StgValue>
</bind>
</comp>

<comp id="90" class="1001" name="const_90">
<pin_list>
<pin id="91" dir="1" index="0" bw="1" slack="0"/>
</pin_list>
<bind>
<StgValue><ssdm name=""/></StgValue>
</bind>
</comp>

<comp id="92" class="1001" name="const_92">
<pin_list>
<pin id="93" dir="1" index="0" bw="1" slack="1"/>
</pin_list>
<bind>
<StgValue><ssdm name=""/></StgValue>
</bind>
</comp>

<comp id="94" class="1001" name="const_94">
<pin_list>
<pin id="95" dir="1" index="0" bw="1" slack="0"/>
</pin_list>
<bind>
<StgValue><ssdm name=""/></StgValue>
</bind>
</comp>

<comp id="96" class="1001" name="const_96">
<pin_list>
<pin id="97" dir="1" index="0" bw="1" slack="2147483647"/>
</pin_list>
<bind>
<StgValue><ssdm name="_ssdm_op_SpecLoopTripCount"/></StgValue>
</bind>
</comp>

<comp id="98" class="1001" name="const_98">
<pin_list>
<pin id="99" dir="1" index="0" bw="1" slack="2147483647"/>
</pin_list>
<bind>
<StgValue><ssdm name=""/></StgValue>
</bind>
</comp>

<comp id="100" class="1001" name="const_100">
<pin_list>
<pin id="101" dir="1" index="0" bw="1" slack="0"/>
</pin_list>
<bind>
<StgValue><ssdm name=""/></StgValue>
</bind>
</comp>

<comp id="102" class="1001" name="const_102">
<pin_list>
<pin id="103" dir="1" index="0" bw="1" slack="0"/>
</pin_list>
<bind>
<StgValue><ssdm name="_ssdm_op_Write.ap_auto.i7P"/></StgValue>
</bind>
</comp>

<comp id="104" class="1001" name="const_104">
<pin_list>
<pin id="105" dir="1" index="0" bw="1" slack="0"/>
</pin_list>
<bind>
<StgValue><ssdm name="_ssdm_op_Write.ap_auto.i4P"/></StgValue>
</bind>
</comp>

<comp id="106" class="1004" name="sw_read_read_fu_106">
<pin_list>
<pin id="107" dir="0" index="0" bw="1" slack="0"/>
<pin id="108" dir="0" index="1" bw="1" slack="0"/>
<pin id="109" dir="1" index="2" bw="1" slack="0"/>
</pin_list>
<bind>
<opcode="read(1150) " fcode="read"/>
<opset="sw_read/1 "/>
</bind>
</comp>

<comp id="112" class="1004" name="StgValue_67_write_fu_112">
<pin_list>
<pin id="113" dir="0" index="0" bw="0" slack="0"/>
<pin id="114" dir="0" index="1" bw="7" slack="0"/>
<pin id="115" dir="0" index="2" bw="7" slack="1"/>
<pin id="116" dir="1" index="3" bw="0" slack="2147483647"/>
</pin_list>
<bind>
<opcode="write(1151) " fcode="write"/>
<opset="StgValue_67/4 "/>
</bind>
</comp>

<comp id="119" class="1004" name="StgValue_68_write_fu_119">
<pin_list>
<pin id="120" dir="0" index="0" bw="0" slack="0"/>
<pin id="121" dir="0" index="1" bw="4" slack="0"/>
<pin id="122" dir="0" index="2" bw="4" slack="3"/>
<pin id="123" dir="1" index="3" bw="0" slack="2147483647"/>
</pin_list>
<bind>
<opcode="write(1151) " fcode="write"/>
<opset="StgValue_68/4 "/>
</bind>
</comp>

<comp id="126" class="1005" name="i_reg_126">
<pin_list>
<pin id="127" dir="0" index="0" bw="27" slack="1"/>
<pin id="128" dir="1" index="1" bw="27" slack="1"/>
</pin_list>
<bind>
<opset="i (phireg) "/>
</bind>
</comp>

<comp id="130" class="1004" name="i_phi_fu_130">
<pin_list>
<pin id="131" dir="0" index="0" bw="1" slack="1"/>
<pin id="132" dir="0" index="1" bw="0" slack="2147483647"/>
<pin id="133" dir="0" index="2" bw="27" slack="0"/>
<pin id="134" dir="0" index="3" bw="0" slack="2147483647"/>
<pin id="135" dir="1" index="4" bw="27" slack="0"/>
</pin_list>
<bind>
<opcode="phi(47) " fcode="phi"/>
<opset="i/4 "/>
</bind>
</comp>

<comp id="137" class="1004" name="value_load_load_fu_137">
<pin_list>
<pin id="138" dir="0" index="0" bw="32" slack="0"/>
<pin id="139" dir="1" index="1" bw="32" slack="0"/>
</pin_list>
<bind>
<opcode="load(27) " fcode="load"/>
<opset="value_load/1 "/>
</bind>
</comp>

<comp id="141" class="1004" name="tmp_fu_141">
<pin_list>
<pin id="142" dir="0" index="0" bw="1" slack="0"/>
<pin id="143" dir="0" index="1" bw="32" slack="0"/>
<pin id="144" dir="1" index="2" bw="32" slack="0"/>
</pin_list>
<bind>
<opcode="add(8) " fcode="add"/>
<opset="tmp/1 "/>
</bind>
</comp>

<comp id="147" class="1004" name="tmp_1_fu_147">
<pin_list>
<pin id="148" dir="0" index="0" bw="28" slack="0"/>
<pin id="149" dir="0" index="1" bw="32" slack="0"/>
<pin id="150" dir="0" index="2" bw="4" slack="0"/>
<pin id="151" dir="0" index="3" bw="6" slack="0"/>
<pin id="152" dir="1" index="4" bw="28" slack="0"/>
</pin_list>
<bind>
<opcode="partselect(1002) " fcode="partselect"/>
<opset="tmp_1/1 "/>
</bind>
</comp>

<comp id="157" class="1004" name="icmp_fu_157">
<pin_list>
<pin id="158" dir="0" index="0" bw="28" slack="0"/>
<pin id="159" dir="0" index="1" bw="1" slack="0"/>
<pin id="160" dir="1" index="2" bw="1" slack="0"/>
</pin_list>
<bind>
<opcode="icmp(45) " fcode="icmp"/>
<opset="icmp/1 "/>
</bind>
</comp>

<comp id="163" class="1004" name="p_s_fu_163">
<pin_list>
<pin id="164" dir="0" index="0" bw="1" slack="0"/>
<pin id="165" dir="0" index="1" bw="1" slack="0"/>
<pin id="166" dir="0" index="2" bw="32" slack="0"/>
<pin id="167" dir="1" index="3" bw="32" slack="0"/>
</pin_list>
<bind>
<opcode="select(49) " fcode="select"/>
<opset="p_s/1 "/>
</bind>
</comp>

<comp id="171" class="1004" name="tmp_3_fu_171">
<pin_list>
<pin id="172" dir="0" index="0" bw="32" slack="0"/>
<pin id="173" dir="1" index="1" bw="31" slack="0"/>
</pin_list>
<bind>
<opcode="trunc(33) " fcode="trunc"/>
<opset="tmp_3/1 "/>
</bind>
</comp>

<comp id="175" class="1004" name="tmp_2_fu_175">
<pin_list>
<pin id="176" dir="0" index="0" bw="1" slack="0"/>
<pin id="177" dir="0" index="1" bw="32" slack="0"/>
<pin id="178" dir="1" index="2" bw="32" slack="0"/>
</pin_list>
<bind>
<opcode="add(8) " fcode="add"/>
<opset="tmp_2/1 "/>
</bind>
</comp>

<comp id="181" class="1004" name="tmp_2_cast_fu_181">
<pin_list>
<pin id="182" dir="0" index="0" bw="1" slack="0"/>
<pin id="183" dir="0" index="1" bw="31" slack="0"/>
<pin id="184" dir="1" index="2" bw="31" slack="0"/>
</pin_list>
<bind>
<opcode="add(8) " fcode="add"/>
<opset="tmp_2_cast/1 "/>
</bind>
</comp>

<comp id="187" class="1004" name="tmp_4_fu_187">
<pin_list>
<pin id="188" dir="0" index="0" bw="1" slack="0"/>
<pin id="189" dir="0" index="1" bw="32" slack="0"/>
<pin id="190" dir="0" index="2" bw="6" slack="0"/>
<pin id="191" dir="1" index="3" bw="1" slack="0"/>
</pin_list>
<bind>
<opcode="bitselect(1000) " fcode="bitselect"/>
<opset="tmp_4/1 "/>
</bind>
</comp>

<comp id="195" class="1004" name="p_1_fu_195">
<pin_list>
<pin id="196" dir="0" index="0" bw="1" slack="0"/>
<pin id="197" dir="0" index="1" bw="5" slack="0"/>
<pin id="198" dir="0" index="2" bw="31" slack="0"/>
<pin id="199" dir="1" index="3" bw="31" slack="0"/>
</pin_list>
<bind>
<opcode="select(49) " fcode="select"/>
<opset="p_1/1 "/>
</bind>
</comp>

<comp id="203" class="1004" name="p_1_cast_fu_203">
<pin_list>
<pin id="204" dir="0" index="0" bw="31" slack="0"/>
<pin id="205" dir="1" index="1" bw="32" slack="0"/>
</pin_list>
<bind>
<opcode="zext(34) " fcode="zext"/>
<opset="p_1_cast/1 "/>
</bind>
</comp>

<comp id="207" class="1004" name="value_assign_fu_207">
<pin_list>
<pin id="208" dir="0" index="0" bw="1" slack="0"/>
<pin id="209" dir="0" index="1" bw="32" slack="0"/>
<pin id="210" dir="0" index="2" bw="31" slack="0"/>
<pin id="211" dir="1" index="3" bw="32" slack="0"/>
</pin_list>
<bind>
<opcode="select(49) " fcode="select"/>
<opset="value_assign/1 "/>
</bind>
</comp>

<comp id="215" class="1004" name="StgValue_18_store_fu_215">
<pin_list>
<pin id="216" dir="0" index="0" bw="32" slack="0"/>
<pin id="217" dir="0" index="1" bw="32" slack="0"/>
<pin id="218" dir="1" index="2" bw="0" slack="2147483647"/>
</pin_list>
<bind>
<opcode="store(28) " fcode="store"/>
<opset="StgValue_18/1 "/>
</bind>
</comp>

<comp id="221" class="1004" name="tmp_5_fu_221">
<pin_list>
<pin id="222" dir="0" index="0" bw="32" slack="0"/>
<pin id="223" dir="1" index="1" bw="4" slack="3"/>
</pin_list>
<bind>
<opcode="trunc(33) " fcode="trunc"/>
<opset="tmp_5/1 "/>
</bind>
</comp>

<comp id="225" class="1004" name="tmp_i_fu_225">
<pin_list>
<pin id="226" dir="0" index="0" bw="32" slack="1"/>
<pin id="227" dir="0" index="1" bw="1" slack="0"/>
<pin id="228" dir="1" index="2" bw="1" slack="0"/>
</pin_list>
<bind>
<opcode="icmp(45) " fcode="icmp"/>
<opset="tmp_i/2 "/>
</bind>
</comp>

<comp id="230" class="1004" name="tmp_1_i_fu_230">
<pin_list>
<pin id="231" dir="0" index="0" bw="1" slack="0"/>
<pin id="232" dir="0" index="1" bw="7" slack="0"/>
<pin id="233" dir="0" index="2" bw="1" slack="0"/>
<pin id="234" dir="1" index="3" bw="7" slack="0"/>
</pin_list>
<bind>
<opcode="select(49) " fcode="select"/>
<opset="tmp_1_i/2 "/>
</bind>
</comp>

<comp id="238" class="1004" name="tmp_2_i_fu_238">
<pin_list>
<pin id="239" dir="0" index="0" bw="32" slack="1"/>
<pin id="240" dir="0" index="1" bw="1" slack="0"/>
<pin id="241" dir="1" index="2" bw="1" slack="0"/>
</pin_list>
<bind>
<opcode="icmp(45) " fcode="icmp"/>
<opset="tmp_2_i/2 "/>
</bind>
</comp>

<comp id="243" class="1004" name="tmp_3_i_fu_243">
<pin_list>
<pin id="244" dir="0" index="0" bw="32" slack="1"/>
<pin id="245" dir="0" index="1" bw="3" slack="0"/>
<pin id="246" dir="1" index="2" bw="1" slack="0"/>
</pin_list>
<bind>
<opcode="icmp(45) " fcode="icmp"/>
<opset="tmp_3_i/2 "/>
</bind>
</comp>

<comp id="248" class="1004" name="tmp_4_i_fu_248">
<pin_list>
<pin id="249" dir="0" index="0" bw="1" slack="0"/>
<pin id="250" dir="0" index="1" bw="7" slack="0"/>
<pin id="251" dir="0" index="2" bw="4" slack="0"/>
<pin id="252" dir="1" index="3" bw="7" slack="0"/>
</pin_list>
<bind>
<opcode="select(49) " fcode="select"/>
<opset="tmp_4_i/2 "/>
</bind>
</comp>

<comp id="256" class="1004" name="tmp_5_i_fu_256">
<pin_list>
<pin id="257" dir="0" index="0" bw="1" slack="0"/>
<pin id="258" dir="0" index="1" bw="1" slack="0"/>
<pin id="259" dir="1" index="2" bw="1" slack="0"/>
</pin_list>
<bind>
<opcode="or(24) " fcode="or"/>
<opset="tmp_5_i/2 "/>
</bind>
</comp>

<comp id="262" class="1004" name="tmp_6_i_fu_262">
<pin_list>
<pin id="263" dir="0" index="0" bw="1" slack="0"/>
<pin id="264" dir="0" index="1" bw="7" slack="0"/>
<pin id="265" dir="0" index="2" bw="7" slack="0"/>
<pin id="266" dir="1" index="3" bw="7" slack="0"/>
</pin_list>
<bind>
<opcode="select(49) " fcode="select"/>
<opset="tmp_6_i/2 "/>
</bind>
</comp>

<comp id="270" class="1004" name="tmp_7_i_fu_270">
<pin_list>
<pin id="271" dir="0" index="0" bw="32" slack="1"/>
<pin id="272" dir="0" index="1" bw="3" slack="0"/>
<pin id="273" dir="1" index="2" bw="1" slack="0"/>
</pin_list>
<bind>
<opcode="icmp(45) " fcode="icmp"/>
<opset="tmp_7_i/2 "/>
</bind>
</comp>

<comp id="275" class="1004" name="tmp_8_i_fu_275">
<pin_list>
<pin id="276" dir="0" index="0" bw="32" slack="1"/>
<pin id="277" dir="0" index="1" bw="4" slack="0"/>
<pin id="278" dir="1" index="2" bw="1" slack="0"/>
</pin_list>
<bind>
<opcode="icmp(45) " fcode="icmp"/>
<opset="tmp_8_i/2 "/>
</bind>
</comp>

<comp id="280" class="1004" name="tmp_9_i_cast_cast_fu_280">
<pin_list>
<pin id="281" dir="0" index="0" bw="1" slack="0"/>
<pin id="282" dir="0" index="1" bw="6" slack="0"/>
<pin id="283" dir="0" index="2" bw="7" slack="0"/>
<pin id="284" dir="1" index="3" bw="7" slack="0"/>
</pin_list>
<bind>
<opcode="select(49) " fcode="select"/>
<opset="tmp_9_i_cast_cast/2 "/>
</bind>
</comp>

<comp id="288" class="1004" name="tmp_10_i_fu_288">
<pin_list>
<pin id="289" dir="0" index="0" bw="1" slack="0"/>
<pin id="290" dir="0" index="1" bw="1" slack="0"/>
<pin id="291" dir="1" index="2" bw="1" slack="0"/>
</pin_list>
<bind>
<opcode="or(24) " fcode="or"/>
<opset="tmp_10_i/2 "/>
</bind>
</comp>

<comp id="294" class="1004" name="tmp_11_i_fu_294">
<pin_list>
<pin id="295" dir="0" index="0" bw="1" slack="0"/>
<pin id="296" dir="0" index="1" bw="7" slack="0"/>
<pin id="297" dir="0" index="2" bw="7" slack="0"/>
<pin id="298" dir="1" index="3" bw="7" slack="0"/>
</pin_list>
<bind>
<opcode="select(49) " fcode="select"/>
<opset="tmp_11_i/2 "/>
</bind>
</comp>

<comp id="302" class="1004" name="tmp_12_i_fu_302">
<pin_list>
<pin id="303" dir="0" index="0" bw="32" slack="1"/>
<pin id="304" dir="0" index="1" bw="4" slack="0"/>
<pin id="305" dir="1" index="2" bw="1" slack="0"/>
</pin_list>
<bind>
<opcode="icmp(45) " fcode="icmp"/>
<opset="tmp_12_i/2 "/>
</bind>
</comp>

<comp id="307" class="1004" name="tmp_13_i_fu_307">
<pin_list>
<pin id="308" dir="0" index="0" bw="32" slack="1"/>
<pin id="309" dir="0" index="1" bw="4" slack="0"/>
<pin id="310" dir="1" index="2" bw="1" slack="0"/>
</pin_list>
<bind>
<opcode="icmp(45) " fcode="icmp"/>
<opset="tmp_13_i/2 "/>
</bind>
</comp>

<comp id="312" class="1004" name="tmp_14_i_cast_cast_fu_312">
<pin_list>
<pin id="313" dir="0" index="0" bw="1" slack="0"/>
<pin id="314" dir="0" index="1" bw="3" slack="0"/>
<pin id="315" dir="0" index="2" bw="6" slack="0"/>
<pin id="316" dir="1" index="3" bw="7" slack="0"/>
</pin_list>
<bind>
<opcode="select(49) " fcode="select"/>
<opset="tmp_14_i_cast_cast/2 "/>
</bind>
</comp>

<comp id="320" class="1004" name="tmp_15_i_fu_320">
<pin_list>
<pin id="321" dir="0" index="0" bw="1" slack="0"/>
<pin id="322" dir="0" index="1" bw="1" slack="0"/>
<pin id="323" dir="1" index="2" bw="1" slack="0"/>
</pin_list>
<bind>
<opcode="or(24) " fcode="or"/>
<opset="tmp_15_i/2 "/>
</bind>
</comp>

<comp id="326" class="1004" name="tmp_16_i_fu_326">
<pin_list>
<pin id="327" dir="0" index="0" bw="1" slack="0"/>
<pin id="328" dir="0" index="1" bw="6" slack="0"/>
<pin id="329" dir="0" index="2" bw="7" slack="0"/>
<pin id="330" dir="1" index="3" bw="7" slack="0"/>
</pin_list>
<bind>
<opcode="select(49) " fcode="select"/>
<opset="tmp_16_i/2 "/>
</bind>
</comp>

<comp id="334" class="1004" name="tmp_17_i_fu_334">
<pin_list>
<pin id="335" dir="0" index="0" bw="32" slack="1"/>
<pin id="336" dir="0" index="1" bw="4" slack="0"/>
<pin id="337" dir="1" index="2" bw="1" slack="0"/>
</pin_list>
<bind>
<opcode="icmp(45) " fcode="icmp"/>
<opset="tmp_17_i/2 "/>
</bind>
</comp>

<comp id="339" class="1004" name="tmp_18_i_fu_339">
<pin_list>
<pin id="340" dir="0" index="0" bw="32" slack="1"/>
<pin id="341" dir="0" index="1" bw="5" slack="0"/>
<pin id="342" dir="1" index="2" bw="1" slack="0"/>
</pin_list>
<bind>
<opcode="icmp(45) " fcode="icmp"/>
<opset="tmp_18_i/2 "/>
</bind>
</comp>

<comp id="344" class="1004" name="tmp_19_i_cast_cast_fu_344">
<pin_list>
<pin id="345" dir="0" index="0" bw="1" slack="0"/>
<pin id="346" dir="0" index="1" bw="5" slack="0"/>
<pin id="347" dir="0" index="2" bw="4" slack="0"/>
<pin id="348" dir="1" index="3" bw="7" slack="0"/>
</pin_list>
<bind>
<opcode="select(49) " fcode="select"/>
<opset="tmp_19_i_cast_cast/2 "/>
</bind>
</comp>

<comp id="352" class="1004" name="tmp_20_i_fu_352">
<pin_list>
<pin id="353" dir="0" index="0" bw="1" slack="0"/>
<pin id="354" dir="0" index="1" bw="1" slack="0"/>
<pin id="355" dir="1" index="2" bw="1" slack="0"/>
</pin_list>
<bind>
<opcode="or(24) " fcode="or"/>
<opset="tmp_20_i/2 "/>
</bind>
</comp>

<comp id="358" class="1004" name="tmp_21_i_fu_358">
<pin_list>
<pin id="359" dir="0" index="0" bw="1" slack="0"/>
<pin id="360" dir="0" index="1" bw="5" slack="0"/>
<pin id="361" dir="0" index="2" bw="7" slack="0"/>
<pin id="362" dir="1" index="3" bw="7" slack="1"/>
</pin_list>
<bind>
<opcode="select(49) " fcode="select"/>
<opset="tmp_21_i/2 "/>
</bind>
</comp>

<comp id="366" class="1004" name="tmp_22_i_fu_366">
<pin_list>
<pin id="367" dir="0" index="0" bw="32" slack="1"/>
<pin id="368" dir="0" index="1" bw="5" slack="0"/>
<pin id="369" dir="1" index="2" bw="1" slack="1"/>
</pin_list>
<bind>
<opcode="icmp(45) " fcode="icmp"/>
<opset="tmp_22_i/2 "/>
</bind>
</comp>

<comp id="371" class="1004" name="tmp_23_i_fu_371">
<pin_list>
<pin id="372" dir="0" index="0" bw="32" slack="1"/>
<pin id="373" dir="0" index="1" bw="5" slack="0"/>
<pin id="374" dir="1" index="2" bw="1" slack="1"/>
</pin_list>
<bind>
<opcode="icmp(45) " fcode="icmp"/>
<opset="tmp_23_i/2 "/>
</bind>
</comp>

<comp id="376" class="1004" name="tmp_27_i_fu_376">
<pin_list>
<pin id="377" dir="0" index="0" bw="32" slack="1"/>
<pin id="378" dir="0" index="1" bw="5" slack="0"/>
<pin id="379" dir="1" index="2" bw="1" slack="1"/>
</pin_list>
<bind>
<opcode="icmp(45) " fcode="icmp"/>
<opset="tmp_27_i/2 "/>
</bind>
</comp>

<comp id="381" class="1004" name="tmp_28_i_fu_381">
<pin_list>
<pin id="382" dir="0" index="0" bw="32" slack="1"/>
<pin id="383" dir="0" index="1" bw="5" slack="0"/>
<pin id="384" dir="1" index="2" bw="1" slack="1"/>
</pin_list>
<bind>
<opcode="icmp(45) " fcode="icmp"/>
<opset="tmp_28_i/2 "/>
</bind>
</comp>

<comp id="386" class="1004" name="tmp_32_i_fu_386">
<pin_list>
<pin id="387" dir="0" index="0" bw="32" slack="1"/>
<pin id="388" dir="0" index="1" bw="5" slack="0"/>
<pin id="389" dir="1" index="2" bw="1" slack="1"/>
</pin_list>
<bind>
<opcode="icmp(45) " fcode="icmp"/>
<opset="tmp_32_i/2 "/>
</bind>
</comp>

<comp id="391" class="1004" name="tmp_33_i_fu_391">
<pin_list>
<pin id="392" dir="0" index="0" bw="32" slack="1"/>
<pin id="393" dir="0" index="1" bw="5" slack="0"/>
<pin id="394" dir="1" index="2" bw="1" slack="1"/>
</pin_list>
<bind>
<opcode="icmp(45) " fcode="icmp"/>
<opset="tmp_33_i/2 "/>
</bind>
</comp>

<comp id="396" class="1004" name="tmp_24_i_cast_cast_fu_396">
<pin_list>
<pin id="397" dir="0" index="0" bw="1" slack="1"/>
<pin id="398" dir="0" index="1" bw="5" slack="0"/>
<pin id="399" dir="0" index="2" bw="6" slack="0"/>
<pin id="400" dir="1" index="3" bw="7" slack="0"/>
</pin_list>
<bind>
<opcode="select(49) " fcode="select"/>
<opset="tmp_24_i_cast_cast/3 "/>
</bind>
</comp>

<comp id="403" class="1004" name="tmp_25_i_fu_403">
<pin_list>
<pin id="404" dir="0" index="0" bw="1" slack="1"/>
<pin id="405" dir="0" index="1" bw="1" slack="1"/>
<pin id="406" dir="1" index="2" bw="1" slack="0"/>
</pin_list>
<bind>
<opcode="or(24) " fcode="or"/>
<opset="tmp_25_i/3 "/>
</bind>
</comp>

<comp id="407" class="1004" name="tmp_26_i_fu_407">
<pin_list>
<pin id="408" dir="0" index="0" bw="1" slack="0"/>
<pin id="409" dir="0" index="1" bw="6" slack="0"/>
<pin id="410" dir="0" index="2" bw="7" slack="1"/>
<pin id="411" dir="1" index="3" bw="7" slack="0"/>
</pin_list>
<bind>
<opcode="select(49) " fcode="select"/>
<opset="tmp_26_i/3 "/>
</bind>
</comp>

<comp id="414" class="1004" name="tmp_29_i_fu_414">
<pin_list>
<pin id="415" dir="0" index="0" bw="1" slack="1"/>
<pin id="416" dir="0" index="1" bw="7" slack="0"/>
<pin id="417" dir="0" index="2" bw="3" slack="0"/>
<pin id="418" dir="1" index="3" bw="7" slack="0"/>
</pin_list>
<bind>
<opcode="select(49) " fcode="select"/>
<opset="tmp_29_i/3 "/>
</bind>
</comp>

<comp id="421" class="1004" name="tmp_30_i_fu_421">
<pin_list>
<pin id="422" dir="0" index="0" bw="1" slack="1"/>
<pin id="423" dir="0" index="1" bw="1" slack="1"/>
<pin id="424" dir="1" index="2" bw="1" slack="0"/>
</pin_list>
<bind>
<opcode="or(24) " fcode="or"/>
<opset="tmp_30_i/3 "/>
</bind>
</comp>

<comp id="425" class="1004" name="tmp_31_i_fu_425">
<pin_list>
<pin id="426" dir="0" index="0" bw="1" slack="0"/>
<pin id="427" dir="0" index="1" bw="7" slack="0"/>
<pin id="428" dir="0" index="2" bw="7" slack="0"/>
<pin id="429" dir="1" index="3" bw="7" slack="0"/>
</pin_list>
<bind>
<opcode="select(49) " fcode="select"/>
<opset="tmp_31_i/3 "/>
</bind>
</comp>

<comp id="433" class="1004" name="tmp_34_i_cast_cast_fu_433">
<pin_list>
<pin id="434" dir="0" index="0" bw="1" slack="1"/>
<pin id="435" dir="0" index="1" bw="4" slack="0"/>
<pin id="436" dir="0" index="2" bw="7" slack="0"/>
<pin id="437" dir="1" index="3" bw="7" slack="0"/>
</pin_list>
<bind>
<opcode="select(49) " fcode="select"/>
<opset="tmp_34_i_cast_cast/3 "/>
</bind>
</comp>

<comp id="440" class="1004" name="tmp_35_i_fu_440">
<pin_list>
<pin id="441" dir="0" index="0" bw="1" slack="1"/>
<pin id="442" dir="0" index="1" bw="1" slack="1"/>
<pin id="443" dir="1" index="2" bw="1" slack="0"/>
</pin_list>
<bind>
<opcode="or(24) " fcode="or"/>
<opset="tmp_35_i/3 "/>
</bind>
</comp>

<comp id="444" class="1004" name="value_display_i_fu_444">
<pin_list>
<pin id="445" dir="0" index="0" bw="1" slack="0"/>
<pin id="446" dir="0" index="1" bw="7" slack="0"/>
<pin id="447" dir="0" index="2" bw="7" slack="0"/>
<pin id="448" dir="1" index="3" bw="7" slack="1"/>
</pin_list>
<bind>
<opcode="select(49) " fcode="select"/>
<opset="value_display_i/3 "/>
</bind>
</comp>

<comp id="452" class="1004" name="exitcond_fu_452">
<pin_list>
<pin id="453" dir="0" index="0" bw="27" slack="0"/>
<pin id="454" dir="0" index="1" bw="27" slack="0"/>
<pin id="455" dir="1" index="2" bw="1" slack="2147483647"/>
</pin_list>
<bind>
<opcode="icmp(45) " fcode="icmp"/>
<opset="exitcond/4 "/>
</bind>
</comp>

<comp id="458" class="1004" name="i_1_fu_458">
<pin_list>
<pin id="459" dir="0" index="0" bw="27" slack="0"/>
<pin id="460" dir="0" index="1" bw="1" slack="0"/>
<pin id="461" dir="1" index="2" bw="27" slack="0"/>
</pin_list>
<bind>
<opcode="add(8) " fcode="add"/>
<opset="i_1/4 "/>
</bind>
</comp>

<comp id="464" class="1005" name="value_assign_reg_464">
<pin_list>
<pin id="465" dir="0" index="0" bw="32" slack="1"/>
<pin id="466" dir="1" index="1" bw="32" slack="1"/>
</pin_list>
<bind>
<opset="value_assign "/>
</bind>
</comp>

<comp id="483" class="1005" name="tmp_5_reg_483">
<pin_list>
<pin id="484" dir="0" index="0" bw="4" slack="3"/>
<pin id="485" dir="1" index="1" bw="4" slack="3"/>
</pin_list>
<bind>
<opset="tmp_5 "/>
</bind>
</comp>

<comp id="488" class="1005" name="tmp_21_i_reg_488">
<pin_list>
<pin id="489" dir="0" index="0" bw="7" slack="1"/>
<pin id="490" dir="1" index="1" bw="7" slack="1"/>
</pin_list>
<bind>
<opset="tmp_21_i "/>
</bind>
</comp>

<comp id="493" class="1005" name="tmp_22_i_reg_493">
<pin_list>
<pin id="494" dir="0" index="0" bw="1" slack="1"/>
<pin id="495" dir="1" index="1" bw="1" slack="1"/>
</pin_list>
<bind>
<opset="tmp_22_i "/>
</bind>
</comp>

<comp id="498" class="1005" name="tmp_23_i_reg_498">
<pin_list>
<pin id="499" dir="0" index="0" bw="1" slack="1"/>
<pin id="500" dir="1" index="1" bw="1" slack="1"/>
</pin_list>
<bind>
<opset="tmp_23_i "/>
</bind>
</comp>

<comp id="504" class="1005" name="tmp_27_i_reg_504">
<pin_list>
<pin id="505" dir="0" index="0" bw="1" slack="1"/>
<pin id="506" dir="1" index="1" bw="1" slack="1"/>
</pin_list>
<bind>
<opset="tmp_27_i "/>
</bind>
</comp>

<comp id="509" class="1005" name="tmp_28_i_reg_509">
<pin_list>
<pin id="510" dir="0" index="0" bw="1" slack="1"/>
<pin id="511" dir="1" index="1" bw="1" slack="1"/>
</pin_list>
<bind>
<opset="tmp_28_i "/>
</bind>
</comp>

<comp id="515" class="1005" name="tmp_32_i_reg_515">
<pin_list>
<pin id="516" dir="0" index="0" bw="1" slack="1"/>
<pin id="517" dir="1" index="1" bw="1" slack="1"/>
</pin_list>
<bind>
<opset="tmp_32_i "/>
</bind>
</comp>

<comp id="520" class="1005" name="tmp_33_i_reg_520">
<pin_list>
<pin id="521" dir="0" index="0" bw="1" slack="1"/>
<pin id="522" dir="1" index="1" bw="1" slack="1"/>
</pin_list>
<bind>
<opset="tmp_33_i "/>
</bind>
</comp>

<comp id="526" class="1005" name="value_display_i_reg_526">
<pin_list>
<pin id="527" dir="0" index="0" bw="7" slack="1"/>
<pin id="528" dir="1" index="1" bw="7" slack="1"/>
</pin_list>
<bind>
<opset="value_display_i "/>
</bind>
</comp>

<comp id="534" class="1005" name="i_1_reg_534">
<pin_list>
<pin id="535" dir="0" index="0" bw="27" slack="0"/>
<pin id="536" dir="1" index="1" bw="27" slack="0"/>
</pin_list>
<bind>
<opset="i_1 "/>
</bind>
</comp>

</comp_list>

<net_list>
<net id="110"><net_src comp="8" pin="0"/><net_sink comp="106" pin=0"/></net>

<net id="111"><net_src comp="0" pin="0"/><net_sink comp="106" pin=1"/></net>

<net id="117"><net_src comp="102" pin="0"/><net_sink comp="112" pin=0"/></net>

<net id="118"><net_src comp="4" pin="0"/><net_sink comp="112" pin=1"/></net>

<net id="124"><net_src comp="104" pin="0"/><net_sink comp="119" pin=0"/></net>

<net id="125"><net_src comp="2" pin="0"/><net_sink comp="119" pin=1"/></net>

<net id="129"><net_src comp="92" pin="0"/><net_sink comp="126" pin=0"/></net>

<net id="136"><net_src comp="126" pin="1"/><net_sink comp="130" pin=0"/></net>

<net id="140"><net_src comp="6" pin="0"/><net_sink comp="137" pin=0"/></net>

<net id="145"><net_src comp="10" pin="0"/><net_sink comp="141" pin=0"/></net>

<net id="146"><net_src comp="137" pin="1"/><net_sink comp="141" pin=1"/></net>

<net id="153"><net_src comp="12" pin="0"/><net_sink comp="147" pin=0"/></net>

<net id="154"><net_src comp="141" pin="2"/><net_sink comp="147" pin=1"/></net>

<net id="155"><net_src comp="14" pin="0"/><net_sink comp="147" pin=2"/></net>

<net id="156"><net_src comp="16" pin="0"/><net_sink comp="147" pin=3"/></net>

<net id="161"><net_src comp="147" pin="4"/><net_sink comp="157" pin=0"/></net>

<net id="162"><net_src comp="18" pin="0"/><net_sink comp="157" pin=1"/></net>

<net id="168"><net_src comp="157" pin="2"/><net_sink comp="163" pin=0"/></net>

<net id="169"><net_src comp="20" pin="0"/><net_sink comp="163" pin=1"/></net>

<net id="170"><net_src comp="141" pin="2"/><net_sink comp="163" pin=2"/></net>

<net id="174"><net_src comp="137" pin="1"/><net_sink comp="171" pin=0"/></net>

<net id="179"><net_src comp="22" pin="0"/><net_sink comp="175" pin=0"/></net>

<net id="180"><net_src comp="137" pin="1"/><net_sink comp="175" pin=1"/></net>

<net id="185"><net_src comp="24" pin="0"/><net_sink comp="181" pin=0"/></net>

<net id="186"><net_src comp="171" pin="1"/><net_sink comp="181" pin=1"/></net>

<net id="192"><net_src comp="26" pin="0"/><net_sink comp="187" pin=0"/></net>

<net id="193"><net_src comp="175" pin="2"/><net_sink comp="187" pin=1"/></net>

<net id="194"><net_src comp="16" pin="0"/><net_sink comp="187" pin=2"/></net>

<net id="200"><net_src comp="187" pin="3"/><net_sink comp="195" pin=0"/></net>

<net id="201"><net_src comp="28" pin="0"/><net_sink comp="195" pin=1"/></net>

<net id="202"><net_src comp="181" pin="2"/><net_sink comp="195" pin=2"/></net>

<net id="206"><net_src comp="195" pin="3"/><net_sink comp="203" pin=0"/></net>

<net id="212"><net_src comp="106" pin="2"/><net_sink comp="207" pin=0"/></net>

<net id="213"><net_src comp="163" pin="3"/><net_sink comp="207" pin=1"/></net>

<net id="214"><net_src comp="203" pin="1"/><net_sink comp="207" pin=2"/></net>

<net id="219"><net_src comp="207" pin="3"/><net_sink comp="215" pin=0"/></net>

<net id="220"><net_src comp="6" pin="0"/><net_sink comp="215" pin=1"/></net>

<net id="224"><net_src comp="207" pin="3"/><net_sink comp="221" pin=0"/></net>

<net id="229"><net_src comp="20" pin="0"/><net_sink comp="225" pin=1"/></net>

<net id="235"><net_src comp="225" pin="2"/><net_sink comp="230" pin=0"/></net>

<net id="236"><net_src comp="30" pin="0"/><net_sink comp="230" pin=1"/></net>

<net id="237"><net_src comp="32" pin="0"/><net_sink comp="230" pin=2"/></net>

<net id="242"><net_src comp="10" pin="0"/><net_sink comp="238" pin=1"/></net>

<net id="247"><net_src comp="34" pin="0"/><net_sink comp="243" pin=1"/></net>

<net id="253"><net_src comp="243" pin="2"/><net_sink comp="248" pin=0"/></net>

<net id="254"><net_src comp="36" pin="0"/><net_sink comp="248" pin=1"/></net>

<net id="255"><net_src comp="38" pin="0"/><net_sink comp="248" pin=2"/></net>

<net id="260"><net_src comp="243" pin="2"/><net_sink comp="256" pin=0"/></net>

<net id="261"><net_src comp="238" pin="2"/><net_sink comp="256" pin=1"/></net>

<net id="267"><net_src comp="256" pin="2"/><net_sink comp="262" pin=0"/></net>

<net id="268"><net_src comp="248" pin="3"/><net_sink comp="262" pin=1"/></net>

<net id="269"><net_src comp="230" pin="3"/><net_sink comp="262" pin=2"/></net>

<net id="274"><net_src comp="40" pin="0"/><net_sink comp="270" pin=1"/></net>

<net id="279"><net_src comp="14" pin="0"/><net_sink comp="275" pin=1"/></net>

<net id="285"><net_src comp="275" pin="2"/><net_sink comp="280" pin=0"/></net>

<net id="286"><net_src comp="42" pin="0"/><net_sink comp="280" pin=1"/></net>

<net id="287"><net_src comp="44" pin="0"/><net_sink comp="280" pin=2"/></net>

<net id="292"><net_src comp="275" pin="2"/><net_sink comp="288" pin=0"/></net>

<net id="293"><net_src comp="270" pin="2"/><net_sink comp="288" pin=1"/></net>

<net id="299"><net_src comp="288" pin="2"/><net_sink comp="294" pin=0"/></net>

<net id="300"><net_src comp="280" pin="3"/><net_sink comp="294" pin=1"/></net>

<net id="301"><net_src comp="262" pin="3"/><net_sink comp="294" pin=2"/></net>

<net id="306"><net_src comp="46" pin="0"/><net_sink comp="302" pin=1"/></net>

<net id="311"><net_src comp="48" pin="0"/><net_sink comp="307" pin=1"/></net>

<net id="317"><net_src comp="307" pin="2"/><net_sink comp="312" pin=0"/></net>

<net id="318"><net_src comp="50" pin="0"/><net_sink comp="312" pin=1"/></net>

<net id="319"><net_src comp="52" pin="0"/><net_sink comp="312" pin=2"/></net>

<net id="324"><net_src comp="307" pin="2"/><net_sink comp="320" pin=0"/></net>

<net id="325"><net_src comp="302" pin="2"/><net_sink comp="320" pin=1"/></net>

<net id="331"><net_src comp="320" pin="2"/><net_sink comp="326" pin=0"/></net>

<net id="332"><net_src comp="312" pin="3"/><net_sink comp="326" pin=1"/></net>

<net id="333"><net_src comp="294" pin="3"/><net_sink comp="326" pin=2"/></net>

<net id="338"><net_src comp="54" pin="0"/><net_sink comp="334" pin=1"/></net>

<net id="343"><net_src comp="56" pin="0"/><net_sink comp="339" pin=1"/></net>

<net id="349"><net_src comp="339" pin="2"/><net_sink comp="344" pin=0"/></net>

<net id="350"><net_src comp="58" pin="0"/><net_sink comp="344" pin=1"/></net>

<net id="351"><net_src comp="60" pin="0"/><net_sink comp="344" pin=2"/></net>

<net id="356"><net_src comp="339" pin="2"/><net_sink comp="352" pin=0"/></net>

<net id="357"><net_src comp="334" pin="2"/><net_sink comp="352" pin=1"/></net>

<net id="363"><net_src comp="352" pin="2"/><net_sink comp="358" pin=0"/></net>

<net id="364"><net_src comp="344" pin="3"/><net_sink comp="358" pin=1"/></net>

<net id="365"><net_src comp="326" pin="3"/><net_sink comp="358" pin=2"/></net>

<net id="370"><net_src comp="62" pin="0"/><net_sink comp="366" pin=1"/></net>

<net id="375"><net_src comp="64" pin="0"/><net_sink comp="371" pin=1"/></net>

<net id="380"><net_src comp="66" pin="0"/><net_sink comp="376" pin=1"/></net>

<net id="385"><net_src comp="68" pin="0"/><net_sink comp="381" pin=1"/></net>

<net id="390"><net_src comp="70" pin="0"/><net_sink comp="386" pin=1"/></net>

<net id="395"><net_src comp="72" pin="0"/><net_sink comp="391" pin=1"/></net>

<net id="401"><net_src comp="80" pin="0"/><net_sink comp="396" pin=1"/></net>

<net id="402"><net_src comp="82" pin="0"/><net_sink comp="396" pin=2"/></net>

<net id="412"><net_src comp="403" pin="2"/><net_sink comp="407" pin=0"/></net>

<net id="413"><net_src comp="396" pin="3"/><net_sink comp="407" pin=1"/></net>

<net id="419"><net_src comp="84" pin="0"/><net_sink comp="414" pin=1"/></net>

<net id="420"><net_src comp="86" pin="0"/><net_sink comp="414" pin=2"/></net>

<net id="430"><net_src comp="421" pin="2"/><net_sink comp="425" pin=0"/></net>

<net id="431"><net_src comp="414" pin="3"/><net_sink comp="425" pin=1"/></net>

<net id="432"><net_src comp="407" pin="3"/><net_sink comp="425" pin=2"/></net>

<net id="438"><net_src comp="88" pin="0"/><net_sink comp="433" pin=1"/></net>

<net id="439"><net_src comp="90" pin="0"/><net_sink comp="433" pin=2"/></net>

<net id="449"><net_src comp="440" pin="2"/><net_sink comp="444" pin=0"/></net>

<net id="450"><net_src comp="433" pin="3"/><net_sink comp="444" pin=1"/></net>

<net id="451"><net_src comp="425" pin="3"/><net_sink comp="444" pin=2"/></net>

<net id="456"><net_src comp="130" pin="4"/><net_sink comp="452" pin=0"/></net>

<net id="457"><net_src comp="94" pin="0"/><net_sink comp="452" pin=1"/></net>

<net id="462"><net_src comp="130" pin="4"/><net_sink comp="458" pin=0"/></net>

<net id="463"><net_src comp="100" pin="0"/><net_sink comp="458" pin=1"/></net>

<net id="467"><net_src comp="207" pin="3"/><net_sink comp="464" pin=0"/></net>

<net id="468"><net_src comp="464" pin="1"/><net_sink comp="225" pin=0"/></net>

<net id="469"><net_src comp="464" pin="1"/><net_sink comp="238" pin=0"/></net>

<net id="470"><net_src comp="464" pin="1"/><net_sink comp="243" pin=0"/></net>

<net id="471"><net_src comp="464" pin="1"/><net_sink comp="270" pin=0"/></net>

<net id="472"><net_src comp="464" pin="1"/><net_sink comp="275" pin=0"/></net>

<net id="473"><net_src comp="464" pin="1"/><net_sink comp="302" pin=0"/></net>

<net id="474"><net_src comp="464" pin="1"/><net_sink comp="307" pin=0"/></net>

<net id="475"><net_src comp="464" pin="1"/><net_sink comp="334" pin=0"/></net>

<net id="476"><net_src comp="464" pin="1"/><net_sink comp="339" pin=0"/></net>

<net id="477"><net_src comp="464" pin="1"/><net_sink comp="366" pin=0"/></net>

<net id="478"><net_src comp="464" pin="1"/><net_sink comp="371" pin=0"/></net>

<net id="479"><net_src comp="464" pin="1"/><net_sink comp="376" pin=0"/></net>

<net id="480"><net_src comp="464" pin="1"/><net_sink comp="381" pin=0"/></net>

<net id="481"><net_src comp="464" pin="1"/><net_sink comp="386" pin=0"/></net>

<net id="482"><net_src comp="464" pin="1"/><net_sink comp="391" pin=0"/></net>

<net id="486"><net_src comp="221" pin="1"/><net_sink comp="483" pin=0"/></net>

<net id="487"><net_src comp="483" pin="1"/><net_sink comp="119" pin=2"/></net>

<net id="491"><net_src comp="358" pin="3"/><net_sink comp="488" pin=0"/></net>

<net id="492"><net_src comp="488" pin="1"/><net_sink comp="407" pin=2"/></net>

<net id="496"><net_src comp="366" pin="2"/><net_sink comp="493" pin=0"/></net>

<net id="497"><net_src comp="493" pin="1"/><net_sink comp="403" pin=1"/></net>

<net id="501"><net_src comp="371" pin="2"/><net_sink comp="498" pin=0"/></net>

<net id="502"><net_src comp="498" pin="1"/><net_sink comp="396" pin=0"/></net>

<net id="503"><net_src comp="498" pin="1"/><net_sink comp="403" pin=0"/></net>

<net id="507"><net_src comp="376" pin="2"/><net_sink comp="504" pin=0"/></net>

<net id="508"><net_src comp="504" pin="1"/><net_sink comp="421" pin=1"/></net>

<net id="512"><net_src comp="381" pin="2"/><net_sink comp="509" pin=0"/></net>

<net id="513"><net_src comp="509" pin="1"/><net_sink comp="414" pin=0"/></net>

<net id="514"><net_src comp="509" pin="1"/><net_sink comp="421" pin=0"/></net>

<net id="518"><net_src comp="386" pin="2"/><net_sink comp="515" pin=0"/></net>

<net id="519"><net_src comp="515" pin="1"/><net_sink comp="440" pin=1"/></net>

<net id="523"><net_src comp="391" pin="2"/><net_sink comp="520" pin=0"/></net>

<net id="524"><net_src comp="520" pin="1"/><net_sink comp="433" pin=0"/></net>

<net id="525"><net_src comp="520" pin="1"/><net_sink comp="440" pin=0"/></net>

<net id="529"><net_src comp="444" pin="3"/><net_sink comp="526" pin=0"/></net>

<net id="530"><net_src comp="526" pin="1"/><net_sink comp="112" pin=2"/></net>

<net id="537"><net_src comp="458" pin="2"/><net_sink comp="534" pin=0"/></net>

<net id="538"><net_src comp="534" pin="1"/><net_sink comp="130" pin=2"/></net>

</net_list>

</model> 
---------------- Datapath Model END ------------------

* FSMD analyzer results:
  - Output states:
	Port: led_V | {4 }
	Port: display_V | {4 }
	Port: value_r | {1 }
 - Input state : 
	Port: Zevenseg : sw | {1 }
	Port: Zevenseg : value_r | {1 }
  - Chain level:
	State 1
		tmp : 1
		tmp_1 : 2
		icmp : 3
		p_s : 4
		tmp_3 : 1
		tmp_2 : 1
		tmp_2_cast : 2
		tmp_4 : 2
		p_1 : 3
		p_1_cast : 4
		value_assign : 5
		StgValue_18 : 6
		tmp_5 : 6
	State 2
		tmp_1_i : 1
		tmp_4_i : 1
		tmp_5_i : 1
		tmp_6_i : 1
		tmp_9_i_cast_cast : 1
		tmp_10_i : 1
		tmp_11_i : 2
		tmp_14_i_cast_cast : 1
		tmp_15_i : 1
		tmp_16_i : 3
		tmp_19_i_cast_cast : 1
		tmp_20_i : 1
		tmp_21_i : 4
	State 3
		tmp_31_i : 1
		value_display_i : 2
	State 4
		exitcond : 1
		i_1 : 1
		StgValue_66 : 2


============================================================
+ Verbose Summary: Datapath Resource usage 
============================================================

* Functional unit list:
|----------|---------------------------|---------|---------|
| Operation|      Functional Unit      |    FF   |   LUT   |
|----------|---------------------------|---------|---------|
|          |         p_s_fu_163        |    0    |    32   |
|          |         p_1_fu_195        |    0    |    31   |
|          |    value_assign_fu_207    |    0    |    32   |
|          |       tmp_1_i_fu_230      |    0    |    7    |
|          |       tmp_4_i_fu_248      |    0    |    7    |
|          |       tmp_6_i_fu_262      |    0    |    7    |
|          |  tmp_9_i_cast_cast_fu_280 |    0    |    7    |
|          |      tmp_11_i_fu_294      |    0    |    7    |
|  select  | tmp_14_i_cast_cast_fu_312 |    0    |    6    |
|          |      tmp_16_i_fu_326      |    0    |    7    |
|          | tmp_19_i_cast_cast_fu_344 |    0    |    5    |
|          |      tmp_21_i_fu_358      |    0    |    7    |
|          | tmp_24_i_cast_cast_fu_396 |    0    |    6    |
|          |      tmp_26_i_fu_407      |    0    |    7    |
|          |      tmp_29_i_fu_414      |    0    |    7    |
|          |      tmp_31_i_fu_425      |    0    |    7    |
|          | tmp_34_i_cast_cast_fu_433 |    0    |    7    |
|          |   value_display_i_fu_444  |    0    |    7    |
|----------|---------------------------|---------|---------|
|          |        icmp_fu_157        |    0    |    10   |
|          |        tmp_i_fu_225       |    0    |    11   |
|          |       tmp_2_i_fu_238      |    0    |    11   |
|          |       tmp_3_i_fu_243      |    0    |    11   |
|          |       tmp_7_i_fu_270      |    0    |    11   |
|          |       tmp_8_i_fu_275      |    0    |    11   |
|          |      tmp_12_i_fu_302      |    0    |    11   |
|          |      tmp_13_i_fu_307      |    0    |    11   |
|   icmp   |      tmp_17_i_fu_334      |    0    |    11   |
|          |      tmp_18_i_fu_339      |    0    |    11   |
|          |      tmp_22_i_fu_366      |    0    |    11   |
|          |      tmp_23_i_fu_371      |    0    |    11   |
|          |      tmp_27_i_fu_376      |    0    |    11   |
|          |      tmp_28_i_fu_381      |    0    |    11   |
|          |      tmp_32_i_fu_386      |    0    |    11   |
|          |      tmp_33_i_fu_391      |    0    |    11   |
|          |      exitcond_fu_452      |    0    |    9    |
|----------|---------------------------|---------|---------|
|          |         tmp_fu_141        |    0    |    32   |
|    add   |        tmp_2_fu_175       |    0    |    32   |
|          |     tmp_2_cast_fu_181     |    0    |    31   |
|          |         i_1_fu_458        |    0    |    27   |
|----------|---------------------------|---------|---------|
|          |       tmp_5_i_fu_256      |    0    |    1    |
|          |      tmp_10_i_fu_288      |    0    |    1    |
|          |      tmp_15_i_fu_320      |    0    |    1    |
|    or    |      tmp_20_i_fu_352      |    0    |    1    |
|          |      tmp_25_i_fu_403      |    0    |    1    |
|          |      tmp_30_i_fu_421      |    0    |    1    |
|          |      tmp_35_i_fu_440      |    0    |    1    |
|----------|---------------------------|---------|---------|
|   read   |    sw_read_read_fu_106    |    0    |    0    |
|----------|---------------------------|---------|---------|
|   write  |  StgValue_67_write_fu_112 |    0    |    0    |
|          |  StgValue_68_write_fu_119 |    0    |    0    |
|----------|---------------------------|---------|---------|
|partselect|        tmp_1_fu_147       |    0    |    0    |
|----------|---------------------------|---------|---------|
|   trunc  |        tmp_3_fu_171       |    0    |    0    |
|          |        tmp_5_fu_221       |    0    |    0    |
|----------|---------------------------|---------|---------|
| bitselect|        tmp_4_fu_187       |    0    |    0    |
|----------|---------------------------|---------|---------|
|   zext   |      p_1_cast_fu_203      |    0    |    0    |
|----------|---------------------------|---------|---------|
|   Total  |                           |    0    |   509   |
|----------|---------------------------|---------|---------|

Memories:
N/A

* Register list:
+-----------------------+--------+
|                       |   FF   |
+-----------------------+--------+
|      i_1_reg_534      |   27   |
|       i_reg_126       |   27   |
|    tmp_21_i_reg_488   |    7   |
|    tmp_22_i_reg_493   |    1   |
|    tmp_23_i_reg_498   |    1   |
|    tmp_27_i_reg_504   |    1   |
|    tmp_28_i_reg_509   |    1   |
|    tmp_32_i_reg_515   |    1   |
|    tmp_33_i_reg_520   |    1   |
|     tmp_5_reg_483     |    4   |
|  value_assign_reg_464 |   32   |
|value_display_i_reg_526|    7   |
+-----------------------+--------+
|         Total         |   110  |
+-----------------------+--------+

* Multiplexer (MUX) list: 
|--------|------|------|------|--------|
|  Comp  |  Pin | Size |  BW  | S x BW |
|--------|------|------|------|--------|
|  Total |      |      |      |    0   |
|--------|------|------|------|--------|



* Summary:
+-----------+--------+--------+
|           |   FF   |   LUT  |
+-----------+--------+--------+
|  Function |    0   |   509  |
|   Memory  |    -   |    -   |
|Multiplexer|    -   |    -   |
|  Register |   110  |    -   |
+-----------+--------+--------+
|   Total   |   110  |   509  |
+-----------+--------+--------+
